512, 5500802, 55416
512, 5562727, 61925
512, 5608492, 45765
512, 5646913, 38421
512, 5681293, 34380
512, 5712661, 31368
512, 5742117, 29456
512, 5769832, 27715
512, 5796421, 26589
512, 5821852, 25431
512, 5846565, 24713
512, 5870420, 23855
512, 5893772, 23352
512, 5916463, 22691
512, 5938797, 22334
512, 5960588, 21791
512, 5982112, 21524
512, 5992543, 10431
512, 6003190, 10647
512, 6024077, 20887
512, 6044573, 20496
512, 6054706, 10133
512, 6064918, 10212
512, 6084931, 20013
512, 6104849, 19918
512, 6124474, 19625
512, 6144025, 19551
512, 6163312, 19287
512, 6182557, 19245
512, 6191946, 9389
512, 6201563, 9617
512, 6220539, 18976
512, 6239293, 18754
512, 6258041, 18748
512, 6276587, 18546
512, 6295132, 18545
512, 6313489, 18357
512, 6331860, 18371
512, 6350057, 18197
512, 6368278, 18221
512, 6386331, 18053
512, 6404416, 18085
512, 6422345, 17929
512, 6440312, 17967
512, 6449106, 8794
512, 6458133, 9027
512, 6476005, 17872
512, 6493734, 17729
512, 6511514, 17780
512, 6529155, 17641
512, 6537946, 8791
512, 6546851, 8905
512, 6564416, 17565
512, 6582040, 17624
512, 6599536, 17496
512, 6617094, 17558
512, 6634531, 17437
512, 6652033, 17502
512, 6669416, 17383
512, 6686866, 17450
512, 6704199, 17333
512, 6721601, 17402
512, 6738887, 17286
512, 6756246, 17359
512, 6773493, 17247
512, 6790813, 17320
512, 6808024, 17211
512, 6825310, 17286
512, 6842494, 17184
512, 6859756, 17262
512, 6876918, 17162
512, 6894157, 17239
512, 6911293, 17136
512, 6928507, 17214
512, 6936946, 8439
512, 6945618, 8672
512, 6962807, 17189
512, 6979891, 17084
512, 6997053, 17162
512, 7005467, 8414
512, 7014111, 8644
512, 7031248, 17137
512, 7048284, 17036
512, 7065399, 17115
512, 7082417, 17018
512, 7099517, 17100
512, 7116519, 17002
512, 7133603, 17084
512, 7150592, 16989
512, 7167662, 17070
512, 7184639, 16977
512, 7201701, 17062
512, 7218671, 16970
512, 7235726, 17055
512, 7252690, 16964
512, 7269741, 17051
512, 7286703, 16962
512, 7303750, 17047
512, 7320703, 16953
512, 7337746, 17043
512, 7354696, 16950
512, 7371732, 17036
512, 7388676, 16944
512, 7405705, 17029
512, 7422641, 16936
512, 7439665, 17024
512, 7456598, 16933
512, 7473619, 17021
512, 7490548, 16929
1024, 7507556, 17008
1024, 7524013, 16457
1024, 7539758, 15745
1024, 7554737, 14979
1024, 7561991, 7254
1024, 7569206, 7215
1024, 7583100, 13894
1024, 7596627, 13527
1024, 7603123, 6496
1024, 7609710, 6587
1024, 7622522, 12812
1024, 7634971, 12449
1024, 7647217, 12246
1024, 7659160, 11943
1024, 7670949, 11789
1024, 7682478, 11529
1024, 7693884, 11406
1024, 7705067, 11183
1024, 7716152, 11085
1024, 7727040, 10888
1024, 7737854, 10814
1024, 7748490, 10636
1024, 7759069, 10579
1024, 7769486, 10417
1024, 7779859, 10373
1024, 7790085, 10226
1024, 7800279, 10194
1024, 7810338, 10059
1024, 7820374, 10036
1024, 7830286, 9912
1024, 7840181, 9895
1024, 7849961, 9780
1024, 7859731, 9770
1024, 7869394, 9663
1024, 7879052, 9658
1024, 7888607, 9555
1024, 7898164, 9557
1024, 7907625, 9461
1024, 7917089, 9464
1024, 7926465, 9376
1024, 7935844, 9379
1024, 7945139, 9295
1024, 7954444, 9305
1024, 7963666, 9222
1024, 7972903, 9237
1024, 7982059, 9156
1024, 7991232, 9173
1024, 8000328, 9096
1024, 8009445, 9117
1024, 8018489, 9044
1024, 8027553, 9064
1024, 8036547, 8994
1024, 8045562, 9015
1024, 8054509, 8947
1024, 8063482, 8973
1024, 8072387, 8905
1024, 8076824, 4437
1024, 8081317, 4493
1024, 8090183, 8866
1024, 8099078, 8895
1024, 8107908, 8830
1024, 8116768, 8860
1024, 8125567, 8799
1024, 8134397, 8830
1024, 8143166, 8769
1024, 8151965, 8799
1024, 8160707, 8742
1024, 8169482, 8775
1024, 8178196, 8714
1024, 8186945, 8749
1024, 8195637, 8692
1024, 8204363, 8726
1024, 8213033, 8670
1024, 8221738, 8705
1024, 8230387, 8649
1024, 8239071, 8684
1024, 8247703, 8632
1024, 8256368, 8665
1024, 8264980, 8612
1024, 8273630, 8650
1024, 8282226, 8596
1024, 8290858, 8632
1024, 8299438, 8580
1024, 8308056, 8618
1024, 8316620, 8564
1024, 8325221, 8601
1024, 8333771, 8550
1024, 8342359, 8588
1024, 8350897, 8538
1024, 8359472, 8575
1024, 8367998, 8526
1024, 8376562, 8564
1024, 8385077, 8515
1024, 8393632, 8555
1024, 8402134, 8502
1024, 8410677, 8543
1024, 8419170, 8493
1024, 8427703, 8533
1024, 8436186, 8483
1024, 8444707, 8521
1024, 8453181, 8474
1024, 8461694, 8513
1024, 8470160, 8466
1024, 8478666, 8506
1024, 8487121, 8455
1024, 8495618, 8497
1024, 8504066, 8448
1024, 8512555, 8489
1024, 8520997, 8442
1024, 8529480, 8483
1024, 8537915, 8435
1024, 8546391, 8476
1024, 8554821, 8430
1024, 8563293, 8472
1024, 8571717, 8424
1024, 8580183, 8466
1024, 8588602, 8419
1024, 8597061, 8459
1024, 8605475, 8414
1024, 8613929, 8454
1024, 8622337, 8408
1024, 8630787, 8450
1024, 8639190, 8403
1024, 8647634, 8444
1024, 8656032, 8398
1024, 8664472, 8440
1024, 8672867, 8395
1024, 8681304, 8437
1024, 8689694, 8390
1024, 8698126, 8432
1024, 8706514, 8388
1024, 8714944, 8430
1024, 8723327, 8383
1024, 8731754, 8427
1024, 8740136, 8382
1024, 8748561, 8425
1024, 8756939, 8378
1024, 8765362, 8423
1024, 8773739, 8377
1024, 8782159, 8420
1024, 8790535, 8376
1024, 8798952, 8417
1024, 8807325, 8373
1024, 8811504, 4179
1024, 8815740, 4236
1024, 8824111, 8371
1024, 8832523, 8412
1024, 8840893, 8370
1024, 8849303, 8410
1024, 8857671, 8368
1024, 8866081, 8410
1024, 8874447, 8366
1024, 8882854, 8407
1024, 8891219, 8365
1024, 8899628, 8409
1024, 8907989, 8361
1024, 8916396, 8407
1024, 8924755, 8359
1024, 8933159, 8404
1024, 8941518, 8359
1024, 8949919, 8401
1024, 8958275, 8356
1024, 8966675, 8400
1024, 8975031, 8356
1024, 8983430, 8399
1024, 8991785, 8355
1024, 9000185, 8400
1024, 9008540, 8355
1024, 9016941, 8401
1024, 9025295, 8354
1024, 9033694, 8399
1024, 9042050, 8356
1024, 9050449, 8399
1024, 9058805, 8356
1024, 9062978, 4173
1024, 9067206, 4228
1024, 9075563, 8357
1024, 9083963, 8400
1024, 9092318, 8355
1024, 9100717, 8399
1024, 9109073, 8356
1024, 9117470, 8397
1024, 9125824, 8354
1024, 9134221, 8397
1024, 9142575, 8354
1024, 9150970, 8395
1024, 9159322, 8352
1024, 9167719, 8397
1024, 9176070, 8351
1024, 9184465, 8395
1024, 9192816, 8351
1024, 9201211, 8395
1024, 9209563, 8352
1024, 9217958, 8395
1024, 9226309, 8351
1024, 9234703, 8394
1024, 9243051, 8348
1024, 9251444, 8393
1024, 9259793, 8349
1024, 9268184, 8391
1024, 9276534, 8350
1024, 9284927, 8393
1024, 9293276, 8349
1024, 9301669, 8393
1024, 9310018, 8349
1024, 9318411, 8393
1024, 9326760, 8349
1024, 9335154, 8394
1024, 9343501, 8347
1024, 9351894, 8393
1024, 9360242, 8348
1024, 9368635, 8393
1024, 9376985, 8350
1024, 9385376, 8391
1024, 9393725, 8349
1024, 9402117, 8392
1024, 9410464, 8347
1024, 9418856, 8392
1024, 9422972, 4116
1024, 9427203, 4231
1024, 9435593, 8390
1024, 9443941, 8348
1024, 9452331, 8390
1024, 9460676, 8345
1024, 9469066, 8390
1024, 9477412, 8346
1024, 9485804, 8392
1024, 9494150, 8346
1024, 9502539, 8389
1024, 9510884, 8345
1024, 9519273, 8389
1024, 9527617, 8344
1024, 9536006, 8389
1024, 9544350, 8344
1024, 9552740, 8390
1024, 9561086, 8346
1024, 9569473, 8387
1024, 9577820, 8347
1024, 9586208, 8388
1024, 9594553, 8345
1024, 9602942, 8389
1024, 9611288, 8346
1024, 9619680, 8392
1024, 9628027, 8347
1024, 9636421, 8394
1024, 9644772, 8351
1024, 9653167, 8395
1024, 9661518, 8351
1024, 9669913, 8395
1024, 9678265, 8352
1024, 9686658, 8393
1024, 9695009, 8351
1024, 9703403, 8394
1024, 9711753, 8350
1024, 9720149, 8396
1024, 9728501, 8352
1024, 9736896, 8395
1024, 9745248, 8352
1024, 9753645, 8397
1024, 9761997, 8352
1024, 9770393, 8396
1024, 9778743, 8350
1024, 9787141, 8398
1024, 9795493, 8352
1024, 9803891, 8398
1024, 9812243, 8352
1024, 9820640, 8397
1024, 9828993, 8353
1024, 9837389, 8396
1024, 9845740, 8351
1024, 9849912, 4172
1024, 9854135, 4223
1024, 9862486, 8351
1024, 9870882, 8396
1024, 9879234, 8352
1024, 9887630, 8396
1024, 9895981, 8351
1024, 9904376, 8395
1024, 9912726, 8350
1024, 9921119, 8393
1024, 9929469, 8350
1024, 9933639, 4170
1024, 9937862, 4223
1024, 9946209, 8347
1024, 9954600, 8391
1024, 9962947, 8347
1024, 9971337, 8390
1024, 9979684, 8347
1024, 9988073, 8389
1024, 9996417, 8344
512, 10000584, 4167
512, 10004804, 4220
512, 10013184, 8380
512, 10021683, 8499
512, 10030213, 8530
512, 10038867, 8654
512, 10047552, 8685
512, 10056366, 8814
512, 10065212, 8846
512, 10074189, 8977
512, 10083201, 9012
512, 10092344, 9143
512, 10101525, 9181
512, 10110840, 9315
512, 10120192, 9352
512, 10129684, 9492
512, 10139216, 9532
512, 10148888, 9672
512, 10158601, 9713
512, 10168457, 9856
512, 10173326, 4869
512, 10178354, 5028
512, 10188393, 10039
512, 10198475, 10082
512, 10203545, 5070
512, 10208705, 5160
512, 10218974, 10269
512, 10229393, 10419
512, 10239851, 10458
512, 10250463, 10612
512, 10261114, 10651
512, 10271921, 10807
512, 10282769, 10848
512, 10293775, 11006
512, 10304823, 11048
512, 10316031, 11208
512, 10327278, 11247
512, 10338689, 11411
512, 10350139, 11450
512, 10361754, 11615
512, 10373410, 11656
512, 10385232, 11822
512, 10397096, 11864
512, 10409129, 12033
512, 10421201, 12072
512, 10433442, 12241
512, 10445726, 12284
512, 10458180, 12454
512, 10470678, 12498
512, 10483347, 12669
512, 10496056, 12709
512, 10508941, 12885
512, 10521865, 12924
512, 10534968, 13103
512, 10548106, 13138
512, 10554706, 6600
512, 10561422, 6716
512, 10574774, 13352
512, 10588303, 13529
512, 10601863, 13560
512, 10615602, 13739
512, 10629370, 13768
512, 10643313, 13943
512, 10657287, 13974
512, 10671436, 14149
512, 10685605, 14169
512, 10699947, 14342
512, 10714303, 14356
512, 10728828, 14525
512, 10735984, 7156
512, 10743364, 7380
512, 10758064, 14700
512, 10772767, 14703
512, 10787632, 14865
512, 10802495, 14863
512, 10817515, 15020
512, 10832529, 15014
512, 10847697, 15168
512, 10862855, 15158
512, 10878166, 15311
512, 10893461, 15295
512, 10908907, 15446
512, 10924332, 15425
512, 10939907, 15575
512, 10955458, 15551
512, 10971155, 15697
512, 10986823, 15668
512, 11002627, 15804
512, 11018400, 15773
512, 11034308, 15908
512, 11042126, 7818
512, 11050177, 8051
512, 11066177, 16000
512, 11082135, 15958
512, 11098224, 16089
512, 11114268, 16044
512, 11130436, 16168
512, 11146558, 16122
512, 11162801, 16243
512, 11178989, 16188
512, 11195301, 16312
512, 11211559, 16258
512, 11227932, 16373
512, 11244251, 16319
512, 11260681, 16430
512, 11277052, 16371
512, 11293533, 16481
512, 11301627, 8094
512, 11309952, 8325
512, 11326481, 16529
512, 11342946, 16465
512, 11359518, 16572
512, 11367654, 8136
512, 11376025, 8371
512, 11392642, 16617
512, 11409192, 16550
512, 11425845, 16653
512, 11442428, 16583
512, 11459115, 16687
512, 11475726, 16611
512, 11484026, 8300
512, 11492442, 8416
512, 11509083, 16641
512, 11525826, 16743
512, 11542493, 16667
512, 11559260, 16767
512, 11575949, 16689
512, 11592740, 16791
512, 11609450, 16710
512, 11626261, 16811
512, 11642991, 16730
512, 11659823, 16832
512, 11676574, 16751
512, 11693419, 16845
512, 11710186, 16767
512, 11727050, 16864
512, 11743830, 16780
512, 11760708, 16878
512, 11777503, 16795
512, 11794398, 16895
512, 11802686, 8288
512, 11811208, 8522
512, 11828111, 16903
512, 11844931, 16820
512, 11861846, 16915
512, 11878676, 16830
512, 11895600, 16924
512, 11912439, 16839
512, 11929375, 16936
512, 11946228, 16853
512, 11963174, 16946
512, 11980033, 16859
512, 11996984, 16951
512, 12013850, 16866
512, 12030810, 16960
512, 12047686, 16876
512, 12064653, 16967
512, 12081533, 16880
512, 12098505, 16972
512, 12115387, 16882
512, 12132365, 16978
512, 12149254, 16889
512, 12166237, 16983
512, 12174586, 8349
512, 12183129, 8543
512, 12200112, 16983
512, 12217005, 16893
512, 12233987, 16982
512, 12250881, 16894
512, 12267869, 16988
512, 12284769, 16900
512, 12301761, 16992
512, 12318667, 16906
512, 12335665, 16998
512, 12352574, 16909
512, 12369572, 16998
512, 12386478, 16906
512, 12403471, 16993
512, 12420374, 16903
512, 12437367, 16993
512, 12454270, 16903
512, 12471270, 17000
512, 12488183, 16913
1024, 12505192, 17009
1024, 12521750, 16558
1024, 12537608, 15858
1024, 12552681, 15073
1024, 12567236, 14555
1024, 12581208, 13972
1024, 12594810, 13602
1024, 12607959, 13149
1024, 12614394, 6435
1024, 12620833, 6439
1024, 12633343, 12510
1024, 12645645, 12302
1024, 12657642, 11997
1024, 12669480, 11838
1024, 12681059, 11579
1024, 12692514, 11455
1024, 12703742, 11228
1024, 12714872, 11130
1024, 12725802, 10930
1024, 12736655, 10853
1024, 12747329, 10674
1024, 12757944, 10615
1024, 12768397, 10453
1024, 12778805, 10408
1024, 12789064, 10259
1024, 12799287, 10223
1024, 12809377, 10090
1024, 12819437, 10060
1024, 12829376, 9939
1024, 12839293, 9917
1024, 12849094, 9801
1024, 12858883, 9789
1024, 12868561, 9678
1024, 12878235, 9674
1024, 12887806, 9571
1024, 12897377, 9571
1024, 12906849, 9472
1024, 12916327, 9478
1024, 12925714, 9387
1024, 12935106, 9392
1024, 12944412, 9306
1024, 12953729, 9317
1024, 12962962, 9233
1024, 12972211, 9249
1024, 12981380, 9169
1024, 12990564, 9184
1024, 12999673, 9109
1024, 13008801, 9128
1024, 13017850, 9049
1024, 13026922, 9072
1024, 13035921, 8999
1024, 13044943, 9022
1024, 13053895, 8952
1024, 13062871, 8976
1024, 13071782, 8911
1024, 13080718, 8936
1024, 13089590, 8872
1024, 13098491, 8901
1024, 13107327, 8836
1024, 13116193, 8866
1024, 13124999, 8806
1024, 13133831, 8832
1024, 13142605, 8774
1024, 13151410, 8805
1024, 13160153, 8743
1024, 13168928, 8775
1024, 13177645, 8717
1024, 13186394, 8749
1024, 13195087, 8693
1024, 13203812, 8725
1024, 13212481, 8669
1024, 13221185, 8704
1024, 13229833, 8648
1024, 13238515, 8682
1024, 13247144, 8629
1024, 13255810, 8666
1024, 13264419, 8609
1024, 13273065, 8646
1024, 13281659, 8594
1024, 13290290, 8631
1024, 13298867, 8577
1024, 13307484, 8617
1024, 13316049, 8565
1024, 13324654, 8605
1024, 13333207, 8553
1024, 13341799, 8592
1024, 13350341, 8542
1024, 13358921, 8580
1024, 13367450, 8529
1024, 13376020, 8570
1024, 13384539, 8519
1024, 13393097, 8558
1024, 13401606, 8509
1024, 13410154, 8548
1024, 13418653, 8499
1024, 13427194, 8541
1024, 13435685, 8491
1024, 13444216, 8531
1024, 13452701, 8485
1024, 13461224, 8523
1024, 13469699, 8475
1024, 13478217, 8518
1024, 13486686, 8469
1024, 13495195, 8509
1024, 13499370, 4175
1024, 13503657, 4287
1024, 13512161, 8504
1024, 13520616, 8455
1024, 13529112, 8496
1024, 13537563, 8451
1024, 13546053, 8490
1024, 13554498, 8445
1024, 13562986, 8488
1024, 13571428, 8442
1024, 13579911, 8483
1024, 13584073, 4162
1024, 13588348, 4275
1024, 13596827, 8479
1024, 13605260, 8433
1024, 13613736, 8476
1024, 13622165, 8429
1024, 13626373, 4208
1024, 13630637, 4264
1024, 13639063, 8426
1024, 13647533, 8470
1024, 13655958, 8425
1024, 13664425, 8467
1024, 13668577, 4152
1024, 13672846, 4269
1024, 13681310, 8464
1024, 13689729, 8419
1024, 13698191, 8462
1024, 13706608, 8417
1024, 13715068, 8460
1024, 13723482, 8414
1024, 13731940, 8458
1024, 13740354, 8414
1024, 13748809, 8455
1024, 13757219, 8410
1024, 13765671, 8452
1024, 13774077, 8406
1024, 13782525, 8448
1024, 13790928, 8403
1024, 13799373, 8445
1024, 13807770, 8397
1024, 13816212, 8442
1024, 13824607, 8395
1024, 13833046, 8439
1024, 13841441, 8395
1024, 13849879, 8438
1024, 13858272, 8393
1024, 13866708, 8436
1024, 13875102, 8394
1024, 13883538, 8436
1024, 13891930, 8392
1024, 13900365, 8435
1024, 13908757, 8392
1024, 13917190, 8433
1024, 13925579, 8389
1024, 13934011, 8432
1024, 13942400, 8389
1024, 13950830, 8430
1024, 13959218, 8388
1024, 13967650, 8432
1024, 13976034, 8384
1024, 13984462, 8428
1024, 13992848, 8386
1024, 14001275, 8427
1024, 14009658, 8383
1024, 14018083, 8425
1024, 14026465, 8382
1024, 14034890, 8425
1024, 14043268, 8378
1024, 14051692, 8424
1024, 14060071, 8379
1024, 14068492, 8421
1024, 14076869, 8377
1024, 14085290, 8421
1024, 14093665, 8375
1024, 14102084, 8419
1024, 14110459, 8375
1024, 14118877, 8418
1024, 14127249, 8372
1024, 14135665, 8416
1024, 14144034, 8369
1024, 14152447, 8413
1024, 14160814, 8367
1024, 14169225, 8411
1024, 14177589, 8364
1024, 14185995, 8406
1024, 14194358, 8363
1024, 14202761, 8403
1024, 14211122, 8361
1024, 14219525, 8403
1024, 14227885, 8360
1024, 14236287, 8402
1024, 14244645, 8358
1024, 14253046, 8401
1024, 14261405, 8359
1024, 14269806, 8401
1024, 14278164, 8358
1024, 14286564, 8400
1024, 14294920, 8356
1024, 14303321, 8401
1024, 14311676, 8355
1024, 14320074, 8398
1024, 14328430, 8356
1024, 14336827, 8397
1024, 14345183, 8356
1024, 14353583, 8400
1024, 14361938, 8355
1024, 14370336, 8398
1024, 14378691, 8355
1024, 14387090, 8399
1024, 14395443, 8353
1024, 14403840, 8397
1024, 14412193, 8353
1024, 14420591, 8398
1024, 14428943, 8352
1024, 14437341, 8398
1024, 14445692, 8351
1024, 14454088, 8396
1024, 14462441, 8353
1024, 14470837, 8396
1024, 14479188, 8351
1024, 14487584, 8396
1024, 14495935, 8351
1024, 14504328, 8393
1024, 14512677, 8349
1024, 14521072, 8395
1024, 14529421, 8349
1024, 14537815, 8394
1024, 14546163, 8348
1024, 14554557, 8394
1024, 14558675, 4118
1024, 14562907, 4232
1024, 14571299, 8392
1024, 14579648, 8349
1024, 14588042, 8394
1024, 14596391, 8349
1024, 14604783, 8392
1024, 14613131, 8348
1024, 14621521, 8390
1024, 14629868, 8347
1024, 14634035, 4167
1024, 14638258, 4223
1024, 14646605, 8347
1024, 14654998, 8393
1024, 14663346, 8348
1024, 14671740, 8394
1024, 14680090, 8350
1024, 14688486, 8396
1024, 14696837, 8351
1024, 14705235, 8398
1024, 14709356, 4121
1024, 14713589, 4233
1024, 14721989, 8400
1024, 14730343, 8354
1024, 14738743, 8400
1024, 14747098, 8355
1024, 14751270, 4172
1024, 14755497, 4227
1024, 14763854, 8357
1024, 14772254, 8400
1024, 14776375, 4121
1024, 14780611, 4236
1024, 14789012, 8401
1024, 14793133, 4121
1024, 14797369, 4236
1024, 14805771, 8402
1024, 14814127, 8356
1024, 14822528, 8401
1024, 14830886, 8358
1024, 14839287, 8401
1024, 14843409, 4122
1024, 14847647, 4238
1024, 14856049, 8402
1024, 14864409, 8360
1024, 14872813, 8404
1024, 14881172, 8359
1024, 14889574, 8402
1024, 14897934, 8360
1024, 14906337, 8403
1024, 14914697, 8360
1024, 14923100, 8403
1024, 14931458, 8358
1024, 14939862, 8404
1024, 14948219, 8357
1024, 14956621, 8402
1024, 14964979, 8358
1024, 14973381, 8402
1024, 14981740, 8359
1024, 14990144, 8404
1024, 14998502, 8358
512, 15006908, 8406
512, 15015323, 8415
512, 15023856, 8533
512, 15032424, 8568
512, 15041118, 8694
512, 15045412, 4294
512, 15049846, 4434
512, 15058703, 8857
512, 15067595, 8892
512, 15076616, 9021
512, 15085675, 9059
512, 15094868, 9193
512, 15104097, 9229
512, 15113461, 9364
512, 15122863, 9402
512, 15132406, 9543
512, 15141985, 9579
512, 15151706, 9721
512, 15161465, 9759
512, 15171369, 9904
512, 15181311, 9942
512, 15191402, 10091
512, 15201533, 10131
512, 15206626, 5093
512, 15211813, 5187
512, 15222135, 10322
512, 15232609, 10474
512, 15243125, 10516
512, 15253796, 10671
512, 15259066, 5270
512, 15264507, 5441
512, 15275378, 10871
512, 15280746, 5368
512, 15286286, 5540
512, 15297356, 11070
512, 15308467, 11111
512, 15319740, 11273
512, 15331053, 11313
512, 15342532, 11479
512, 15354051, 11519
512, 15365737, 11686
512, 15377465, 11728
512, 15389360, 11895
512, 15401298, 11938
512, 15413405, 12107
512, 15425554, 12149
512, 15437875, 12321
512, 15450237, 12362
512, 15462771, 12534
512, 15475346, 12575
512, 15481667, 6321
512, 15488097, 6430
512, 15500884, 12787
512, 15513849, 12965
512, 15520246, 6397
512, 15526851, 6605
512, 15540030, 13179
512, 15553242, 13212
512, 15566632, 13390
512, 15580060, 13428
512, 15593660, 13600
512, 15607293, 13633
512, 15621101, 13808
512, 15634937, 13836
512, 15641882, 6945
512, 15648950, 7068
512, 15662986, 14036
512, 15677198, 14212
512, 15691426, 14228
512, 15705827, 14401
512, 15720240, 14413
512, 15734822, 14582
512, 15749414, 14592
512, 15764172, 14758
512, 15778930, 14758
512, 15793851, 14921
512, 15808769, 14918
512, 15823846, 15077
512, 15838915, 15069
512, 15846466, 7551
512, 15854137, 7671
512, 15869346, 15209
512, 15884707, 15361
512, 15892267, 7560
512, 15900050, 7783
512, 15915540, 15490
512, 15931006, 15466
512, 15946616, 15610
512, 15962203, 15587
512, 15977929, 15726
512, 15993622, 15693
512, 16009454, 15832
512, 16025252, 15798
512, 16041179, 15927
512, 16057069, 15890
512, 16073090, 16021
512, 16089068, 15978
512, 16105176, 16108
512, 16121238, 16062
512, 16137424, 16186
512, 16153559, 16135
512, 16169814, 16255
512, 16186019, 16205
512, 16202337, 16318
512, 16218599, 16262
512, 16234976, 16377
512, 16251295, 16319
512, 16267727, 16432
512, 16284097, 16370
512, 16300577, 16480
512, 16316992, 16415
512, 16333518, 16526
512, 16349976, 16458
512, 16366540, 16564
512, 16383033, 16493
512, 16399632, 16599
512, 16416158, 16526
512, 16432787, 16629
512, 16449344, 16557
512, 16466005, 16661
512, 16482591, 16586
512, 16499282, 16691
512, 16515898, 16616
512, 16532614, 16716
512, 16549254, 16640
512, 16557586, 8332
512, 16565995, 8409
512, 16582656, 16661
512, 16599419, 16763
512, 16616103, 16684
512, 16624437, 8334
512, 16632888, 8451
512, 16649592, 16704
512, 16666393, 16801
512, 16683115, 16722
512, 16691466, 8351
512, 16699931, 8465
512, 16716667, 16736
512, 16733497, 16830
512, 16750245, 16748
512, 16767088, 16843
512, 16783849, 16761
512, 16800707, 16858
512, 16817485, 16778
512, 16825866, 8381
512, 16834362, 8496
512, 16851154, 16792
512, 16868043, 16889
512, 16884848, 16805
512, 16901748, 16900
512, 16918565, 16817
512, 16935474, 16909
512, 16952300, 16826
512, 16969220, 16920
512, 16986056, 16836
512, 17002986, 16930
512, 17019827, 16841
512, 17036762, 16935
512, 17053613, 16851
512, 17062027, 8414
512, 17070556, 8529
512, 17087414, 16858
512, 17104365, 16951
512, 17112679, 8314
512, 17121227, 8548
512, 17138187, 16960
512, 17155061, 16874
512, 17163486, 8425
512, 17172030, 8544
512, 17180355, 8325
512, 17188912, 8557
512, 17205883, 16971
512, 17222765, 16882
512, 17239735, 16970
512, 17256617, 16882
512, 17273592, 16975
512, 17290478, 16886
512, 17307457, 16979
512, 17324344, 16887
512, 17341324, 16980
512, 17358215, 16891
512, 17366666, 8451
512, 17375192, 8526
512, 17392078, 16886
512, 17400506, 8428
512, 17409049, 8543
512, 17425931, 16882
512, 17442902, 16971
512, 17451226, 8324
512, 17459783, 8557
512, 17476756, 16973
512, 17493635, 16879
1024, 17510568, 16933
1024, 17526838, 16270
1024, 17542422, 15584
1024, 17557267, 14845
1024, 17571625, 14358
1024, 17585428, 13803
1024, 17598883, 13455
1024, 17611902, 13019
1024, 17624660, 12758
1024, 17637064, 12404
1024, 17649271, 12207
1024, 17661181, 11910
1024, 17672937, 11756
1024, 17684440, 11503
1024, 17695823, 11383
1024, 17706983, 11160
1024, 17718049, 11066
1024, 17728923, 10874
1024, 17739720, 10797
1024, 17750346, 10626
1024, 17760913, 10567
1024, 17771323, 10410
1024, 17781690, 10367
1024, 17791914, 10224
1024, 17802104, 10190
1024, 17812162, 10058
1024, 17822197, 10035
1024, 17832107, 9910
1024, 17842003, 9896
1024, 17851782, 9779
1024, 17861553, 9771
1024, 17871216, 9663
1024, 17880877, 9661
1024, 17890437, 9560
1024, 17899999, 9562
1024, 17909466, 9467
1024, 17914177, 4711
1024, 17918939, 4762
1024, 17928323, 9384
1024, 17937715, 9392
1024, 17947022, 9307
1024, 17956339, 9317
1024, 17965574, 9235
1024, 17974824, 9250
1024, 17983996, 9172
1024, 17993181, 9185
1024, 18002291, 9110
1024, 18011419, 9128
1024, 18020473, 9054
1024, 18029550, 9077
1024, 18038553, 9003
1024, 18047581, 9028
1024, 18056540, 8959
1024, 18061007, 4467
1024, 18065526, 4519
1024, 18074442, 8916
1024, 18083388, 8946
1024, 18092266, 8878
1024, 18101175, 8909
1024, 18110018, 8843
1024, 18118891, 8873
1024, 18127703, 8812
1024, 18136543, 8840
1024, 18145324, 8781
1024, 18154134, 8810
1024, 18162886, 8752
1024, 18171669, 8783
1024, 18180394, 8725
1024, 18189153, 8759
1024, 18197853, 8700
1024, 18206589, 8736
1024, 18215264, 8675
1024, 18223975, 8711
1024, 18232630, 8655
1024, 18241318, 8688
1024, 18249953, 8635
1024, 18258622, 8669
1024, 18267239, 8617
1024, 18275894, 8655
1024, 18284494, 8600
1024, 18293131, 8637
1024, 18301715, 8584
1024, 18310335, 8620
1024, 18318902, 8567
1024, 18327505, 8603
1024, 18336055, 8550
1024, 18344644, 8589
1024, 18353181, 8537
1024, 18361756, 8575
1024, 18370281, 8525
1024, 18378843, 8562
1024, 18383041, 4198
1024, 18387355, 4314
1024, 18395906, 8551
1024, 18404410, 8504
1024, 18412951, 8541
1024, 18421446, 8495
1024, 18429980, 8534
1024, 18438465, 8485
1024, 18446991, 8526
1024, 18455468, 8477
1024, 18463985, 8517
1024, 18472455, 8470
1024, 18480964, 8509
1024, 18489425, 8461
1024, 18497929, 8504
1024, 18506383, 8454
1024, 18514880, 8497
1024, 18523329, 8449
1024, 18531822, 8493
1024, 18540267, 8445
1024, 18548757, 8490
1024, 18557198, 8441
1024, 18565684, 8486
1024, 18569844, 4160
1024, 18574120, 4276
1024, 18582602, 8482
1024, 18591039, 8437
1024, 18599517, 8478
1024, 18607952, 8435
1024, 18616427, 8475
1024, 18624856, 8429
1024, 18633329, 8473
1024, 18641751, 8422
1024, 18650219, 8468
1024, 18658639, 8420
1024, 18667102, 8463
1024, 18675517, 8415
1024, 18683974, 8457
1024, 18692387, 8413
1024, 18700839, 8452
1024, 18709246, 8407
1024, 18717697, 8451
1024, 18726101, 8404
1024, 18734550, 8449
1024, 18742952, 8402
1024, 18751399, 8447
1024, 18759799, 8400
1024, 18768243, 8444
1024, 18776640, 8397
1024, 18785081, 8441
1024, 18793475, 8394
1024, 18801913, 8438
1024, 18810304, 8391
1024, 18818737, 8433
1024, 18827127, 8390
1024, 18835560, 8433
1024, 18843949, 8389
1024, 18852379, 8430
1024, 18860765, 8386
1024, 18869195, 8430
1024, 18877578, 8383
1024, 18886003, 8425
1024, 18894385, 8382
1024, 18902810, 8425
1024, 18911192, 8382
1024, 18919616, 8424
1024, 18927998, 8382
1024, 18936424, 8426
1024, 18944805, 8381
1024, 18953231, 8426
1024, 18961612, 8381
1024, 18970036, 8424
1024, 18978416, 8380
1024, 18986839, 8423
1024, 18995218, 8379
1024, 19003642, 8424
1024, 19012020, 8378
1024, 19020444, 8424
1024, 19028822, 8378
1024, 19037245, 8423
1024, 19045623, 8378
1024, 19054043, 8420
1024, 19062419, 8376
1024, 19070839, 8420
1024, 19079214, 8375
1024, 19087633, 8419
1024, 19096004, 8371
1024, 19104422, 8418
1024, 19112795, 8373
1024, 19121212, 8417
1024, 19129584, 8372
1024, 19138000, 8416
1024, 19146371, 8371
1024, 19154785, 8414
1024, 19158912, 4127
1024, 19163153, 4241
1024, 19171566, 8413
1024, 19179933, 8367
1024, 19188346, 8413
1024, 19196714, 8368
1024, 19205123, 8409
1024, 19213489, 8366
1024, 19221899, 8410
1024, 19230265, 8366
1024, 19238676, 8411
1024, 19247041, 8365
1024, 19255451, 8410
1024, 19263817, 8366
1024, 19272227, 8410
1024, 19280593, 8366
1024, 19289005, 8412
1024, 19297372, 8367
1024, 19305786, 8414
1024, 19314153, 8367
1024, 19322564, 8411
1024, 19330931, 8367
1024, 19339343, 8412
1024, 19347710, 8367
1024, 19356122, 8412
1024, 19364489, 8367
1024, 19372900, 8411
1024, 19381268, 8368
1024, 19389679, 8411
1024, 19398045, 8366
1024, 19406455, 8410
1024, 19414820, 8365
1024, 19423227, 8407
1024, 19431592, 8365
1024, 19440001, 8409
1024, 19448364, 8363
1024, 19456770, 8406
1024, 19465130, 8360
1024, 19473534, 8404
1024, 19481894, 8360
1024, 19490296, 8402
1024, 19498654, 8358
1024, 19507056, 8402
1024, 19515411, 8355
1024, 19523811, 8400
1024, 19532167, 8356
1024, 19540567, 8400
1024, 19548922, 8355
1024, 19557323, 8401
1024, 19565680, 8357
1024, 19574081, 8401
1024, 19582437, 8356
1024, 19590840, 8403
1024, 19599200, 8360
1024, 19607605, 8405
1024, 19615966, 8361
1024, 19624371, 8405
1024, 19632732, 8361
1024, 19641137, 8405
1024, 19649499, 8362
1024, 19657902, 8403
1024, 19666262, 8360
1024, 19674665, 8403
1024, 19683025, 8360
1024, 19691427, 8402
1024, 19699786, 8359
1024, 19708189, 8403
1024, 19716548, 8359
1024, 19724951, 8403
1024, 19733310, 8359
1024, 19741713, 8403
1024, 19750072, 8359
1024, 19758474, 8402
1024, 19766831, 8357
1024, 19775233, 8402
1024, 19783590, 8357
1024, 19791992, 8402
1024, 19800346, 8354
1024, 19808746, 8400
1024, 19812868, 4122
1024, 19817102, 4234
1024, 19825500, 8398
1024, 19833855, 8355
1024, 19842254, 8399
1024, 19850611, 8357
1024, 19859010, 8399
1024, 19867366, 8356
1024, 19875767, 8401
1024, 19884123, 8356
1024, 19892525, 8402
1024, 19900880, 8355
1024, 19909282, 8402
1024, 19917639, 8357
1024, 19926041, 8402
1024, 19934396, 8355
1024, 19942797, 8401
1024, 19951154, 8357
1024, 19959555, 8401
1024, 19967908, 8353
1024, 19976306, 8398
1024, 19984659, 8353
1024, 19993056, 8397
512, 20001406, 8350
512, 20009813, 8407
512, 20018244, 8431
512, 20026795, 8551
512, 20035377, 8582
512, 20044083, 8706
512, 20052821, 8738
512, 20057213, 4392
512, 20061686, 4473
512, 20070583, 8897
512, 20079610, 9027
512, 20088670, 9060
512, 20093226, 4556
512, 20097863, 4637
512, 20107089, 9226
512, 20116450, 9361
512, 20125849, 9399
512, 20135383, 9534
512, 20144954, 9571
512, 20154663, 9709
512, 20164408, 9745
512, 20174295, 9887
512, 20184218, 9923
512, 20194284, 10066
512, 20204389, 10105
512, 20214643, 10254
512, 20219706, 5063
512, 20224933, 5227
512, 20230106, 5173
512, 20235373, 5267
512, 20245850, 10477
512, 20256481, 10631
512, 20267149, 10668
512, 20277970, 10821
512, 20288829, 10859
512, 20294286, 5457
512, 20299843, 5557
512, 20310896, 11053
512, 20322106, 11210
512, 20333354, 11248
512, 20344762, 11408
512, 20356207, 11445
512, 20367813, 11606
512, 20379458, 11645
512, 20391269, 11811
512, 20403116, 11847
512, 20415132, 12016
512, 20427186, 12054
512, 20439410, 12224
512, 20451670, 12260
512, 20464100, 12430
512, 20476565, 12465
512, 20489202, 12637
512, 20501874, 12672
512, 20514716, 12842
512, 20527595, 12879
512, 20540644, 13049
512, 20553728, 13084
512, 20566983, 13255
512, 20580268, 13285
512, 20593727, 13459
512, 20600367, 6640
512, 20607216, 6849
512, 20620879, 13663
512, 20634568, 13689
512, 20648431, 13863
512, 20655266, 6835
512, 20662316, 7050
512, 20676372, 14056
512, 20690446, 14074
512, 20697506, 7060
512, 20704686, 7180
512, 20718942, 14256
512, 20733365, 14423
512, 20747796, 14431
512, 20762391, 14595
512, 20776991, 14600
512, 20791751, 14760
512, 20806509, 14758
512, 20821427, 14918
512, 20836341, 14914
512, 20851408, 15067
512, 20866466, 15058
512, 20881670, 15204
512, 20896862, 15192
512, 20912200, 15338
512, 20919746, 7546
512, 20927518, 7772
512, 20942980, 15462
512, 20950586, 7606
512, 20958421, 7835
512, 20974010, 15589
512, 20989572, 15562
512, 21005277, 15705
512, 21020951, 15674
512, 21036760, 15809
512, 21052532, 15772
512, 21068436, 15904
512, 21084299, 15863
512, 21100291, 15992
512, 21116242, 15951
512, 21132317, 16075
512, 21148343, 16026
512, 21164495, 16152
512, 21180592, 16097
512, 21196813, 16221
512, 21212978, 16165
512, 21229259, 16281
512, 21237256, 7997
512, 21245483, 8227
512, 21261824, 16341
512, 21278106, 16282
512, 21294502, 16396
512, 21310835, 16333
512, 21327279, 16444
512, 21343658, 16379
512, 21360148, 16490
512, 21376573, 16425
512, 21393109, 16536
512, 21409578, 16469
512, 21417806, 8228
512, 21426152, 8346
512, 21442658, 16506
512, 21450906, 8248
512, 21459269, 8363
512, 21475812, 16543
512, 21492458, 16646
512, 21509034, 16576
512, 21525710, 16676
512, 21542315, 16605
512, 21559025, 16710
512, 21575656, 16631
512, 21592389, 16733
512, 21609048, 16659
512, 21625806, 16758
512, 21642484, 16678
512, 21659264, 16780
512, 21675964, 16700
512, 21684306, 8342
512, 21692765, 8459
512, 21709484, 16719
512, 21726304, 16820
512, 21743044, 16740
512, 21759882, 16838
512, 21776638, 16756
512, 21793492, 16854
512, 21810262, 16770
512, 21827133, 16871
512, 21843917, 16784
512, 21860802, 16885
512, 21877602, 16800
512, 21894498, 16896
512, 21911311, 16813
512, 21928222, 16911
512, 21945047, 16825
512, 21961967, 16920
512, 21978802, 16835
512, 21995736, 16934
512, 22012581, 16845
512, 22029520, 16939
512, 22046375, 16855
512, 22063326, 16951
512, 22080190, 16864
512, 22097147, 16957
512, 22105466, 8319
512, 22114017, 8551
512, 22130979, 16962
512, 22147855, 16876
512, 22164827, 16972
512, 22181712, 16885
512, 22198692, 16980
512, 22215586, 16894
512, 22232570, 16984
512, 22249465, 16895
512, 22266450, 16985
512, 22283346, 16896
512, 22300333, 16987
512, 22308667, 8334
512, 22317231, 8564
512, 22334220, 16989
512, 22351119, 16899
512, 22368112, 16993
512, 22385015, 16903
512, 22402011, 16996
512, 22410346, 8335
512, 22418913, 8567
512, 22435905, 16992
512, 22452803, 16898
512, 22469790, 16987
512, 22486688, 16898
1024, 22503680, 16992
1024, 22520282, 16602
1024, 22536190, 15908
1024, 22551312, 15122
1024, 22565906, 14594
1024, 22579912, 14006
1024, 22593545, 13633
1024, 22606721, 13176
1024, 22619622, 12901
1024, 22632153, 12531
1024, 22644474, 12321
1024, 22656489, 12015
1024, 22668343, 11854
1024, 22679933, 11590
1024, 22691399, 11466
1024, 22702639, 11240
1024, 22713780, 11141
1024, 22724722, 10942
1024, 22735584, 10862
1024, 22746267, 10683
1024, 22756893, 10626
1024, 22767354, 10461
1024, 22777769, 10415
1024, 22788036, 10267
1024, 22798268, 10232
1024, 22808366, 10098
1024, 22818437, 10071
1024, 22828382, 9945
1024, 22838311, 9929
1024, 22848123, 9812
1024, 22857924, 9801
1024, 22867615, 9691
1024, 22877303, 9688
1024, 22886886, 9583
1024, 22896469, 9583
1024, 22905953, 9484
1024, 22915443, 9490
1024, 22924841, 9398
1024, 22934249, 9408
1024, 22943572, 9323
1024, 22952905, 9333
1024, 22962157, 9252
1024, 22971421, 9264
1024, 22980606, 9185
1024, 22989809, 9203
1024, 22998933, 9124
1024, 23003478, 4545
1024, 23008077, 4599
1024, 23017146, 9069
1024, 23026237, 9091
1024, 23035255, 9018
1024, 23044296, 9041
1024, 23053266, 8970
1024, 23062262, 8996
1024, 23071190, 8928
1024, 23080144, 8954
1024, 23089034, 8890
1024, 23097950, 8916
1024, 23106803, 8853
1024, 23115684, 8881
1024, 23124503, 8819
1024, 23133352, 8849
1024, 23142140, 8788
1024, 23150960, 8820
1024, 23155281, 4321
1024, 23159718, 4437
1024, 23168511, 8793
1024, 23177245, 8734
1024, 23186012, 8767
1024, 23194722, 8710
1024, 23203467, 8745
1024, 23212154, 8687
1024, 23220876, 8722
1024, 23229540, 8664
1024, 23238239, 8699
1024, 23246883, 8644
1024, 23255562, 8679
1024, 23264186, 8624
1024, 23272848, 8662
1024, 23281453, 8605
1024, 23290098, 8645
1024, 23298689, 8591
1024, 23307318, 8629
1024, 23315894, 8576
1024, 23324508, 8614
1024, 23333070, 8562
1024, 23341670, 8600
1024, 23350220, 8550
1024, 23358805, 8585
1024, 23363016, 4211
1024, 23367339, 4323
1024, 23375915, 8576
1024, 23384437, 8522
1024, 23393001, 8564
1024, 23401515, 8514
1024, 23410068, 8553
1024, 23418571, 8503
1024, 23427115, 8544
1024, 23435610, 8495
1024, 23444142, 8532
1024, 23448326, 4184
1024, 23452626, 4300
1024, 23461149, 8523
1024, 23469623, 8474
1024, 23478138, 8515
1024, 23486605, 8467
1024, 23495113, 8508
1024, 23503573, 8460
1024, 23512075, 8502
1024, 23520528, 8453
1024, 23529022, 8494
1024, 23537469, 8447
1024, 23545959, 8490
1024, 23554399, 8440
1024, 23562883, 8484
1024, 23571318, 8435
1024, 23579795, 8477
1024, 23588223, 8428
1024, 23596697, 8474
1024, 23605122, 8425
1024, 23613592, 8470
1024, 23622013, 8421
1024, 23630477, 8464
1024, 23638895, 8418
1024, 23647355, 8460
1024, 23655767, 8412
1024, 23664223, 8456
1024, 23672633, 8410
1024, 23681086, 8453
1024, 23689491, 8405
1024, 23697941, 8450
1024, 23706345, 8404
1024, 23714791, 8446
1024, 23723191, 8400
1024, 23731633, 8442
1024, 23740030, 8397
1024, 23748469, 8439
1024, 23756863, 8394
1024, 23765301, 8438
1024, 23773692, 8391
1024, 23782127, 8435
1024, 23790514, 8387
1024, 23794701, 4187
1024, 23798944, 4243
1024, 23807329, 8385
1024, 23815758, 8429
1024, 23824142, 8384
1024, 23832568, 8426
1024, 23840950, 8382
1024, 23849377, 8427
1024, 23857757, 8380
1024, 23866181, 8424
1024, 23874561, 8380
1024, 23882983, 8422
1024, 23891362, 8379
1024, 23899783, 8421
1024, 23908160, 8377
1024, 23916580, 8420
1024, 23924956, 8376
1024, 23933375, 8419
1024, 23941750, 8375
1024, 23950167, 8417
1024, 23958539, 8372
1024, 23966956, 8417
1024, 23975327, 8371
1024, 23983745, 8418
1024, 23992116, 8371
1024, 24000531, 8415
1024, 24008902, 8371
1024, 24013081, 4179
1024, 24017316, 4235
1024, 24025685, 8369
1024, 24034099, 8414
1024, 24042467, 8368
1024, 24050882, 8415
1024, 24059249, 8367
1024, 24067661, 8412
1024, 24076029, 8368
1024, 24084439, 8410
1024, 24092806, 8367
1024, 24101214, 8408
1024, 24109578, 8364
1024, 24117984, 8406
1024, 24126347, 8363
1024, 24134754, 8407
1024, 24143117, 8363
1024, 24151521, 8404
1024, 24159882, 8361
1024, 24168289, 8407
1024, 24176648, 8359
1024, 24185053, 8405
1024, 24193414, 8361
1024, 24201819, 8405
1024, 24210179, 8360
1024, 24218583, 8404
1024, 24226943, 8360
1024, 24235347, 8404
1024, 24243707, 8360
1024, 24252110, 8403
1024, 24260468, 8358
1024, 24268869, 8401
1024, 24272991, 4122
1024, 24277226, 4235
1024, 24285627, 8401
1024, 24293983, 8356
1024, 24302381, 8398
1024, 24310736, 8355
1024, 24319136, 8400
1024, 24327489, 8353
1024, 24335888, 8399
1024, 24344241, 8353
1024, 24352639, 8398
1024, 24360992, 8353
1024, 24369389, 8397
1024, 24377742, 8353
1024, 24386138, 8396
1024, 24394490, 8352
1024, 24402884, 8394
1024, 24411234, 8350
1024, 24419628, 8394
1024, 24427978, 8350
1024, 24436372, 8394
1024, 24444721, 8349
1024, 24453114, 8393
1024, 24461462, 8348
1024, 24469854, 8392
1024, 24478201, 8347
1024, 24486592, 8391
1024, 24494939, 8347
1024, 24503329, 8390
1024, 24511676, 8347
1024, 24520064, 8388
1024, 24528410, 8346
1024, 24536801, 8391
1024, 24545148, 8347
1024, 24553539, 8391
1024, 24561888, 8349
1024, 24570280, 8392
1024, 24578630, 8350
1024, 24587025, 8395
1024, 24595373, 8348
1024, 24603767, 8394
1024, 24612116, 8349
1024, 24620507, 8391
1024, 24628855, 8348
1024, 24637247, 8392
1024, 24645595, 8348
1024, 24653987, 8392
1024, 24662334, 8347
1024, 24670726, 8392
1024, 24679073, 8347
1024, 24687463, 8390
1024, 24695812, 8349
1024, 24699978, 4166
1024, 24704201, 4223
1024, 24712546, 8345
1024, 24720935, 8389
1024, 24729281, 8346
1024, 24737669, 8388
1024, 24746013, 8344
1024, 24754403, 8390
1024, 24762748, 8345
1024, 24771138, 8390
1024, 24779481, 8343
1024, 24787870, 8389
1024, 24796215, 8345
1024, 24804605, 8390
1024, 24812950, 8345
1024, 24817118, 4168
1024, 24821341, 4223
1024, 24829687, 8346
1024, 24838078, 8391
1024, 24846422, 8344
1024, 24854811, 8389
1024, 24863152, 8341
1024, 24871539, 8387
1024, 24879882, 8343
1024, 24888269, 8387
1024, 24896612, 8343
1024, 24904998, 8386
1024, 24913340, 8342
1024, 24921726, 8386
1024, 24930068, 8342
1024, 24938455, 8387
1024, 24946798, 8343
1024, 24955186, 8388
1024, 24963530, 8344
1024, 24971918, 8388
1024, 24980261, 8343
1024, 24988649, 8388
1024, 24996994, 8345
512, 25005381, 8387
512, 25013767, 8386
512, 25022272, 8505
512, 25030809, 8537
512, 25039469, 8660
512, 25048162, 8693
512, 25056984, 8822
512, 25065838, 8854
512, 25074824, 8986
512, 25083843, 9019
512, 25092994, 9151
512, 25102180, 9186
512, 25111498, 9318
512, 25120853, 9355
512, 25130345, 9492
512, 25139874, 9529
512, 25144667, 4793
512, 25149542, 4875
512, 25159246, 9704
512, 25169092, 9846
512, 25178974, 9882
512, 25183946, 4972
512, 25189004, 5058
512, 25199070, 10066
512, 25209284, 10214
512, 25219536, 10252
512, 25229938, 10402
512, 25240380, 10442
512, 25250974, 10594
512, 25256206, 5232
512, 25261608, 5402
512, 25272396, 10788
512, 25283223, 10827
512, 25288667, 5444
512, 25294205, 5538
512, 25305229, 11024
512, 25316410, 11181
512, 25327630, 11220
512, 25339011, 11381
512, 25350431, 11420
512, 25362014, 11583
512, 25373639, 11625
512, 25385429, 11790
512, 25397258, 11829
512, 25409254, 11996
512, 25421290, 12036
512, 25427338, 6048
512, 25433496, 6158
512, 25445742, 12246
512, 25458160, 12418
512, 25470615, 12455
512, 25483244, 12629
512, 25495908, 12664
512, 25508745, 12837
512, 25521616, 12871
512, 25534662, 13046
512, 25547741, 13079
512, 25560995, 13254
512, 25574281, 13286
512, 25587741, 13460
512, 25601236, 13495
512, 25614906, 13670
512, 25628606, 13700
512, 25642481, 13875
512, 25656380, 13899
512, 25670454, 14074
512, 25684547, 14093
512, 25698809, 14262
512, 25713088, 14279
512, 25727535, 14447
512, 25741989, 14454
512, 25756613, 14624
512, 25771237, 14624
512, 25786025, 14788
512, 25800812, 14787
512, 25808226, 7414
512, 25815759, 7533
512, 25830699, 14940
512, 25845791, 15092
512, 25860874, 15083
512, 25876107, 15233
512, 25891323, 15216
512, 25898946, 7623
512, 25906690, 7744
512, 25922035, 15345
512, 25937523, 15488
512, 25952986, 15463
512, 25968587, 15601
512, 25984161, 15574
512, 25999868, 15707
512, 26015542, 15674
512, 26031346, 15804
512, 26047111, 15765
512, 26063006, 15895
512, 26078858, 15852
512, 26094837, 15979
512, 26110766, 15929
512, 26126821, 16055
512, 26142826, 16005
512, 26158952, 16126
512, 26166870, 7918
512, 26175020, 8150
512, 26191208, 16188
512, 26207342, 16134
512, 26223591, 16249
512, 26239781, 16190
512, 26256084, 16303
512, 26272325, 16241
512, 26288678, 16353
512, 26304967, 16289
512, 26321365, 16398
512, 26337700, 16335
512, 26354142, 16442
512, 26370514, 16372
512, 26386991, 16477
512, 26403398, 16407
512, 26419911, 16513
512, 26436354, 16443
512, 26452902, 16548
512, 26461026, 8124
512, 26469381, 8355
512, 26485964, 16583
512, 26502476, 16512
512, 26519094, 16618
512, 26527246, 8152
512, 26535633, 8387
512, 26552277, 16644
512, 26568843, 16566
512, 26585512, 16669
512, 26602101, 16589
512, 26618792, 16691
512, 26635406, 16614
512, 26652119, 16713
512, 26668752, 16633
512, 26685483, 16731
512, 26702134, 16651
512, 26718881, 16747
512, 26735547, 16666
512, 26752308, 16761
512, 26768985, 16677
512, 26785760, 16775
512, 26802453, 16693
512, 26819241, 16788
512, 26835946, 16705
512, 26852745, 16799
512, 26869461, 16716
512, 26886272, 16811
512, 26902997, 16725
512, 26919819, 16822
512, 26936555, 16736
512, 26953388, 16833
512, 26970139, 16751
512, 26986981, 16842
512, 27003741, 16760
512, 27020595, 16854
512, 27037361, 16766
512, 27054222, 16861
512, 27070995, 16773
512, 27087858, 16863
512, 27104637, 16779
512, 27121506, 16869
512, 27138290, 16784
512, 27155167, 16877
512, 27171955, 16788
512, 27188834, 16879
512, 27205629, 16795
512, 27222516, 16887
512, 27239315, 16799
512, 27247702, 8387
512, 27256206, 8504
512, 27273009, 16803
512, 27289901, 16892
512, 27298187, 8286
512, 27306703, 8516
512, 27323598, 16895
512, 27331886, 8288
512, 27340408, 8522
512, 27357308, 16900
512, 27374120, 16812
512, 27391023, 16903
512, 27407835, 16812
512, 27424739, 16904
512, 27441554, 16815
512, 27458461, 16907
512, 27475277, 16816
512, 27492188, 16911
1024, 27508990, 16802
1024, 27525366, 16376
1024, 27540896, 15530
1024, 27555840, 14944
1024, 27570144, 14304
1024, 27584036, 13892
1024, 27597437, 13401
1024, 27610535, 13098
1024, 27623244, 12709
1024, 27635722, 12478
1024, 27647880, 12158
1024, 27659861, 11981
1024, 27671570, 11709
1024, 27683144, 11574
1024, 27694482, 11338
1024, 27705717, 11235
1024, 27716745, 11028
1024, 27727689, 10944
1024, 27738448, 10759
1024, 27749142, 10694
1024, 27759669, 10527
1024, 27770142, 10473
1024, 27780465, 10323
1024, 27790747, 10282
1024, 27800893, 10146
1024, 27811006, 10113
1024, 27820992, 9986
1024, 27830956, 9964
1024, 27840799, 9843
1024, 27850631, 9832
1024, 27860349, 9718
1024, 27870062, 9713
1024, 27879672, 9610
1024, 27889281, 9609
1024, 27898791, 9510
1024, 27908307, 9516
1024, 27917725, 9418
1024, 27927152, 9427
1024, 27936490, 9338
1024, 27945839, 9349
1024, 27955104, 9265
1024, 27964379, 9275
1024, 27973576, 9197
1024, 27982787, 9211
1024, 27991921, 9134
1024, 28001075, 9154
1024, 28005553, 4478
1024, 28010150, 4597
1024, 28019248, 9098
1024, 28028272, 9024
1024, 28037318, 9046
1024, 28046294, 8976
1024, 28055295, 9001
1024, 28064229, 8934
1024, 28073187, 8958
1024, 28082081, 8894
1024, 28091001, 8920
1024, 28099856, 8855
1024, 28108742, 8886
1024, 28117562, 8820
1024, 28126414, 8852
1024, 28135204, 8790
1024, 28144025, 8821
1024, 28152785, 8760
1024, 28161578, 8793
1024, 28170311, 8733
1024, 28179078, 8767
1024, 28187787, 8709
1024, 28192130, 4343
1024, 28196530, 4400
1024, 28205216, 8686
1024, 28213935, 8719
1024, 28222602, 8667
1024, 28231303, 8701
1024, 28239949, 8646
1024, 28248633, 8684
1024, 28257260, 8627
1024, 28265925, 8665
1024, 28274536, 8611
1024, 28283184, 8648
1024, 28291778, 8594
1024, 28300410, 8632
1024, 28308990, 8580
1024, 28317606, 8616
1024, 28326171, 8565
1024, 28334774, 8603
1024, 28343326, 8552
1024, 28351917, 8591
1024, 28360456, 8539
1024, 28369035, 8579
1024, 28377564, 8529
1024, 28386133, 8569
1024, 28394652, 8519
1024, 28403212, 8560
1024, 28411723, 8511
1024, 28420275, 8552
1024, 28428776, 8501
1024, 28437318, 8542
1024, 28445812, 8494
1024, 28454346, 8534
1024, 28462832, 8486
1024, 28471356, 8524
1024, 28479834, 8478
1024, 28488354, 8520
1024, 28496825, 8471
1024, 28505338, 8513
1024, 28513805, 8467
1024, 28522314, 8509
1024, 28530775, 8461
1024, 28539279, 8504
1024, 28547736, 8457
1024, 28556234, 8498
1024, 28564686, 8452
1024, 28573180, 8494
1024, 28581625, 8445
1024, 28590116, 8491
1024, 28598558, 8442
1024, 28607045, 8487
1024, 28615482, 8437
1024, 28623963, 8481
1024, 28632399, 8436
1024, 28640875, 8476
1024, 28649307, 8432
1024, 28657780, 8473
1024, 28666207, 8427
1024, 28674678, 8471
1024, 28683102, 8424
1024, 28691570, 8468
1024, 28699991, 8421
1024, 28708458, 8467
1024, 28716877, 8419
1024, 28725343, 8466
1024, 28733760, 8417
1024, 28742223, 8463
1024, 28750637, 8414
1024, 28759096, 8459
1024, 28767509, 8413
1024, 28775964, 8455
1024, 28784375, 8411
1024, 28792828, 8453
1024, 28801236, 8408
1024, 28809688, 8452
1024, 28818096, 8408
1024, 28826547, 8451
1024, 28834952, 8405
1024, 28843400, 8448
1024, 28851802, 8402
1024, 28860250, 8448
1024, 28868648, 8398
1024, 28877090, 8442
1024, 28885488, 8398
1024, 28893930, 8442
1024, 28902326, 8396
1024, 28906517, 4191
1024, 28910765, 4248
1024, 28914903, 4138
1024, 28919157, 4254
1024, 28927593, 8436
1024, 28935984, 8391
1024, 28944418, 8434
1024, 28952807, 8389
1024, 28961237, 8430
1024, 28969623, 8386
1024, 28978052, 8429
1024, 28986436, 8384
1024, 28994866, 8430
1024, 29003251, 8385
1024, 29011681, 8430
1024, 29020068, 8387
1024, 29028500, 8432
1024, 29036886, 8386
1024, 29045317, 8431
1024, 29053704, 8387
1024, 29062134, 8430
1024, 29070520, 8386
1024, 29078949, 8429
1024, 29087332, 8383
1024, 29095759, 8427
1024, 29104140, 8381
1024, 29112565, 8425
1024, 29120946, 8381
1024, 29129372, 8426
1024, 29137752, 8380
1024, 29146178, 8426
1024, 29154556, 8378
1024, 29162978, 8422
1024, 29167109, 4131
1024, 29171354, 4245
1024, 29179774, 8420
1024, 29188148, 8374
1024, 29196567, 8419
1024, 29204938, 8371
1024, 29213355, 8417
1024, 29221727, 8372
1024, 29230143, 8416
1024, 29238515, 8372
1024, 29246927, 8412
1024, 29255298, 8371
1024, 29263711, 8413
1024, 29272080, 8369
1024, 29280492, 8412
1024, 29288860, 8368
1024, 29297271, 8411
1024, 29305639, 8368
1024, 29314051, 8412
1024, 29322417, 8366
1024, 29330829, 8412
1024, 29339197, 8368
1024, 29347609, 8412
1024, 29355976, 8367
1024, 29364388, 8412
1024, 29372756, 8368
1024, 29381167, 8411
1024, 29389536, 8369
1024, 29397948, 8412
1024, 29406314, 8366
1024, 29414726, 8412
1024, 29423093, 8367
1024, 29431503, 8410
1024, 29439871, 8368
1024, 29448280, 8409
1024, 29456647, 8367
1024, 29465055, 8408
1024, 29473419, 8364
1024, 29481826, 8407
1024, 29490189, 8363
1024, 29498593, 8404
1024, 29506952, 8359
1024, 29515354, 8402
1024, 29523712, 8358
1024, 29532114, 8402
1024, 29540471, 8357
1024, 29548872, 8401
1024, 29557230, 8358
1024, 29565631, 8401
1024, 29573991, 8360
1024, 29582392, 8401
1024, 29590750, 8358
1024, 29599150, 8400
1024, 29607508, 8358
1024, 29615908, 8400
1024, 29624266, 8358
1024, 29632667, 8401
1024, 29641022, 8355
1024, 29649422, 8400
1024, 29657778, 8356
1024, 29666179, 8401
1024, 29674537, 8358
1024, 29682939, 8402
1024, 29691296, 8357
1024, 29699697, 8401
1024, 29708055, 8358
1024, 29716455, 8400
1024, 29724811, 8356
1024, 29733211, 8400
1024, 29741565, 8354
1024, 29749966, 8401
1024, 29758321, 8355
1024, 29766720, 8399
1024, 29775076, 8356
1024, 29783477, 8401
1024, 29791832, 8355
1024, 29800231, 8399
1024, 29808587, 8356
1024, 29816986, 8399
1024, 29825341, 8355
1024, 29833739, 8398
1024, 29842093, 8354
1024, 29850492, 8399
1024, 29858844, 8352
1024, 29867244, 8400
1024, 29875595, 8351
1024, 29883996, 8401
1024, 29892352, 8356
1024, 29900751, 8399
1024, 29909106, 8355
1024, 29917506, 8400
1024, 29925859, 8353
1024, 29934257, 8398
1024, 29942611, 8354
1024, 29951007, 8396
1024, 29959359, 8352
1024, 29967755, 8396
1024, 29976106, 8351
1024, 29984502, 8396
1024, 29992854, 8352
512, 30001250, 8396
512, 30009614, 8364
512, 30013814, 4200
512, 30018089, 4275
512, 30026593, 8504
512, 30035220, 8627
512, 30043881, 8661
512, 30052666, 8785
512, 30061485, 8819
512, 30070433, 8948
512, 30079416, 8983
512, 30088528, 9112
512, 30097675, 9147
512, 30106954, 9279
512, 30116269, 9315
512, 30125720, 9451
512, 30135203, 9483
512, 30144825, 9622
512, 30154484, 9659
512, 30164283, 9799
512, 30169122, 4839
512, 30174116, 4994
512, 30184094, 9978
512, 30194106, 10012
512, 30204265, 10159
512, 30214463, 10198
512, 30224808, 10345
512, 30235191, 10383
512, 30245723, 10532
512, 30256292, 10569
512, 30267013, 10721
512, 30277773, 10760
512, 30288688, 10915
512, 30299643, 10955
512, 30310757, 11114
512, 30321910, 11153
512, 30333225, 11315
512, 30344579, 11354
512, 30356096, 11517
512, 30367652, 11556
512, 30379371, 11719
512, 30391130, 11759
512, 30403056, 11926
512, 30415018, 11962
512, 30427150, 12132
512, 30439319, 12169
512, 30451656, 12337
512, 30464027, 12371
512, 30476568, 12541
512, 30489147, 12579
512, 30495466, 6319
512, 30501896, 6430
512, 30514681, 12785
512, 30527638, 12957
512, 30540629, 12991
512, 30553794, 13165
512, 30566991, 13197
512, 30580363, 13372
512, 30593763, 13400
512, 30607338, 13575
512, 30620938, 13600
512, 30634710, 13772
512, 30648507, 13797
512, 30662475, 13968
512, 30676464, 13989
512, 30690624, 14160
512, 30704801, 14177
512, 30719146, 14345
512, 30733503, 14357
512, 30748030, 14527
512, 30755186, 7156
512, 30762563, 7377
512, 30777259, 14696
512, 30791958, 14699
512, 30806815, 14857
512, 30821669, 14854
512, 30836681, 15012
512, 30851686, 15005
512, 30866844, 15158
512, 30881990, 15146
512, 30897284, 15294
512, 30912560, 15276
512, 30927981, 15421
512, 30943378, 15397
512, 30958919, 15541
512, 30974432, 15513
512, 30990082, 15650
512, 31005701, 15619
512, 31021458, 15757
512, 31037179, 15721
512, 31053034, 15855
512, 31060827, 7793
512, 31068847, 8020
512, 31084788, 15941
512, 31100683, 15895
512, 31116705, 16022
512, 31132681, 15976
512, 31148779, 16098
512, 31164827, 16048
512, 31180997, 16170
512, 31197112, 16115
512, 31213347, 16235
512, 31221323, 7976
512, 31229527, 8204
512, 31245824, 16297
512, 31262062, 16238
512, 31278416, 16354
512, 31294706, 16290
512, 31311108, 16402
512, 31327444, 16336
512, 31343890, 16446
512, 31360269, 16379
512, 31376756, 16487
512, 31393176, 16420
512, 31409703, 16527
512, 31426160, 16457
512, 31442726, 16566
512, 31459222, 16496
512, 31467466, 8244
512, 31475825, 8359
512, 31492357, 16532
512, 31508989, 16632
512, 31525550, 16561
512, 31542211, 16661
512, 31558794, 16583
512, 31575479, 16685
512, 31583667, 8188
512, 31592084, 8417
512, 31608790, 16706
512, 31625417, 16627
512, 31642144, 16727
512, 31658793, 16649
512, 31675539, 16746
512, 31692208, 16669
512, 31708975, 16767
512, 31725660, 16685
512, 31742444, 16784
512, 31759146, 16702
512, 31775943, 16797
512, 31792658, 16715
512, 31809468, 16810
512, 31826197, 16729
512, 31843017, 16820
512, 31859755, 16738
512, 31876586, 16831
512, 31893332, 16746
512, 31910169, 16837
512, 31926923, 16754
512, 31943769, 16846
512, 31960532, 16763
512, 31977385, 16853
512, 31994151, 16766
512, 32011011, 16860
512, 32027786, 16775
512, 32044653, 16867
512, 32052926, 8273
512, 32061435, 8509
512, 32078312, 16877
512, 32095101, 16789
512, 32111984, 16883
512, 32120266, 8282
512, 32128781, 8515
512, 32145664, 16883
512, 32162462, 16798
512, 32179350, 16888
512, 32196151, 16801
512, 32204539, 8388
512, 32213044, 8505
512, 32229849, 16805
512, 32246748, 16899
512, 32263560, 16812
512, 32280461, 16901
512, 32297276, 16815
512, 32314181, 16905
512, 32331000, 16819
512, 32347910, 16910
512, 32364731, 16821
512, 32381644, 16913
512, 32398469, 16825
512, 32415385, 16916
512, 32423682, 8297
512, 32432212, 8530