9646702 ,391.99 ,2068.99 ,20.50 ,5.84 ,302
9655120 ,384.52 ,2069.15 ,20.65 ,5.86 ,297
9663670 ,394.33 ,2068.94 ,20.45 ,5.83 ,304
9680762 ,388.72 ,2069.06 ,20.57 ,5.84 ,300
9698127 ,380.33 ,2069.24 ,20.74 ,5.87 ,293
9715623 ,373.37 ,2069.39 ,20.89 ,5.89 ,288
9733397 ,369.66 ,2069.47 ,20.97 ,5.90 ,285
9751301 ,364.12 ,2069.59 ,21.08 ,5.92 ,281
9769491 ,361.82 ,2069.64 ,21.13 ,5.92 ,279
9787815 ,362.73 ,2069.62 ,21.11 ,5.92 ,280
9806429 ,351.70 ,2069.86 ,21.35 ,5.95 ,271
9825177 ,343.93 ,2070.03 ,21.51 ,5.98 ,265
9844222 ,339.37 ,2070.13 ,21.61 ,5.99 ,262
9863406 ,338.00 ,2070.16 ,21.64 ,6.00 ,261
9882896 ,336.64 ,2070.19 ,21.67 ,6.00 ,260
9902530 ,337.55 ,2070.17 ,21.65 ,6.00 ,260
9922474 ,334.82 ,2070.23 ,21.71 ,6.01 ,258
9942568 ,333.91 ,2070.25 ,21.73 ,6.01 ,257
9962986 ,330.27 ,2070.33 ,21.81 ,6.02 ,255
9983555 ,329.36 ,2070.35 ,21.83 ,6.02 ,254
10004458 ,326.20 ,2070.42 ,21.89 ,6.03 ,252
10025521 ,324.39 ,2070.46 ,21.93 ,6.04 ,250
10046919 ,326.65 ,2070.41 ,21.88 ,6.03 ,252
10057519 ,328.46 ,2070.37 ,21.85 ,6.02 ,253
10068474 ,333.45 ,2070.26 ,21.74 ,6.01 ,257
10090371 ,337.09 ,2070.18 ,21.66 ,6.00 ,260
10112426 ,341.19 ,2070.09 ,21.57 ,5.99 ,263
10134835 ,346.67 ,2069.97 ,21.46 ,5.97 ,267
10157405 ,351.70 ,2069.86 ,21.35 ,5.95 ,271
10180325 ,356.29 ,2069.76 ,21.25 ,5.94 ,275
10203406 ,357.21 ,2069.74 ,21.23 ,5.94 ,275
10226848 ,362.73 ,2069.62 ,21.11 ,5.92 ,280
10250449 ,365.96 ,2069.55 ,21.04 ,5.91 ,282
10274406 ,375.22 ,2069.35 ,20.85 ,5.89 ,289
10298518 ,383.59 ,2069.17 ,20.67 ,5.86 ,296
10322987 ,391.52 ,2069.00 ,20.51 ,5.84 ,302
10347599 ,398.08 ,2068.86 ,20.37 ,5.82 ,307
10372552 ,410.31 ,2068.60 ,20.12 ,5.78 ,316
10397628 ,422.16 ,2068.35 ,19.87 ,5.75 ,326
10423011 ,430.26 ,2068.18 ,19.71 ,5.72 ,332
10448458 ,437.90 ,2068.02 ,19.55 ,5.70 ,338
10474154 ,449.91 ,2067.77 ,19.31 ,5.66 ,347
10499847 ,451.84 ,2067.73 ,19.27 ,5.66 ,349
10525722 ,458.12 ,2067.60 ,19.14 ,5.64 ,353
10551545 ,472.70 ,2067.30 ,18.85 ,5.60 ,365
10577505 ,486.91 ,2067.01 ,18.56 ,5.55 ,376
10603324 ,503.70 ,2066.67 ,18.23 ,5.50 ,389
10629158 ,516.64 ,2066.41 ,17.98 ,5.46 ,399
10654734 ,531.68 ,2066.11 ,17.69 ,5.42 ,410
10680219 ,546.34 ,2065.82 ,17.40 ,5.38 ,422
10705354 ,565.23 ,2065.45 ,17.04 ,5.32 ,436
10730307 ,583.27 ,2065.10 ,16.70 ,5.27 ,450
10754819 ,599.94 ,2064.78 ,16.39 ,5.22 ,463
10779058 ,605.18 ,2064.68 ,16.29 ,5.20 ,467
10802798 ,625.23 ,2064.30 ,15.92 ,5.14 ,483
10826237 ,638.02 ,2064.06 ,15.68 ,5.10 ,492
10849162 ,655.76 ,2063.73 ,15.36 ,5.05 ,506
10871764 ,675.87 ,2063.36 ,15.00 ,4.99 ,522
10893839 ,691.25 ,2063.08 ,14.73 ,4.95 ,534
10915556 ,715.73 ,2062.64 ,14.30 ,4.87 ,552
10936735 ,734.31 ,2062.31 ,13.97 ,4.82 ,567
10957539 ,760.00 ,2061.86 ,13.54 ,4.74 ,587
10977793 ,776.20 ,2061.58 ,13.26 ,4.69 ,599
10997660 ,794.34 ,2061.27 ,12.96 ,4.64 ,613
11016986 ,812.09 ,2060.97 ,12.67 ,4.59 ,627
11035948 ,839.71 ,2060.51 ,12.22 ,4.50 ,648
11054397 ,857.39 ,2060.22 ,11.93 ,4.45 ,662
11072493 ,877.14 ,2059.90 ,11.62 ,4.39 ,677
11090096 ,893.39 ,2059.64 ,11.37 ,4.35 ,690
11107366 ,913.62 ,2059.32 ,11.05 ,4.29 ,705
11124177 ,952.36 ,2058.72 ,10.47 ,4.17 ,735
11140679 ,959.57 ,2058.61 ,10.36 ,4.15 ,741
11156734 ,971.48 ,2058.43 ,10.19 ,4.11 ,750
11172493 ,988.84 ,2058.17 ,9.93 ,4.06 ,763
11187847 ,1005.75 ,2057.92 ,9.69 ,4.01 ,777
11202938 ,1005.75 ,2057.92 ,9.69 ,4.01 ,777
11217661 ,990.86 ,2058.14 ,9.90 ,4.06 ,765
11232165 ,999.63 ,2058.01 ,9.78 ,4.03 ,772
11246369 ,1011.88 ,2057.83 ,9.60 ,3.99 ,781
11260407 ,1022.87 ,2057.67 ,9.44 ,3.96 ,790
11267223 ,1031.16 ,2057.55 ,9.33 ,3.94 ,796
11274174 ,1042.31 ,2057.39 ,9.17 ,3.90 ,805
11287790 ,1047.20 ,2057.32 ,9.10 ,3.89 ,809
11301144 ,1048.61 ,2057.30 ,9.08 ,3.88 ,810
11314359 ,1047.90 ,2057.31 ,9.09 ,3.89 ,809
11327342 ,1050.72 ,2057.27 ,9.05 ,3.88 ,811
11340215 ,1052.84 ,2057.24 ,9.02 ,3.87 ,813
11352885 ,1054.25 ,2057.22 ,9.00 ,3.87 ,814
11365466 ,1054.25 ,2057.22 ,9.00 ,3.87 ,814
11377865 ,1055.66 ,2057.20 ,8.98 ,3.86 ,815
11390193 ,1054.25 ,2057.22 ,9.00 ,3.87 ,814
11402356 ,1055.66 ,2057.20 ,8.98 ,3.86 ,815
11414464 ,1063.45 ,2057.09 ,8.88 ,3.84 ,821
11426422 ,1056.37 ,2057.19 ,8.97 ,3.86 ,816
11438336 ,1038.12 ,2057.45 ,9.23 ,3.92 ,802
11450114 ,1029.07 ,2057.58 ,9.36 ,3.94 ,795
11461869 ,1018.74 ,2057.73 ,9.50 ,3.97 ,787
11473513 ,1009.14 ,2057.87 ,9.64 ,4.00 ,779
11485154 ,984.81 ,2058.23 ,9.99 ,4.07 ,760
11496702 ,970.15 ,2058.45 ,10.21 ,4.12 ,749
11508268 ,937.39 ,2058.95 ,10.69 ,4.21 ,724
11519767 ,906.64 ,2059.43 ,11.16 ,4.31 ,700
11531312 ,897.15 ,2059.58 ,11.31 ,4.33 ,693
11542820 ,897.15 ,2059.58 ,11.31 ,4.33 ,693
11554396 ,884.61 ,2059.78 ,11.50 ,4.37 ,683
11565943 ,874.66 ,2059.94 ,11.66 ,4.40 ,675
11577567 ,864.76 ,2060.10 ,11.82 ,4.43 ,668
11589169 ,850.04 ,2060.34 ,12.05 ,4.47 ,656
11594979 ,842.75 ,2060.46 ,12.17 ,4.50 ,651
11600856 ,813.29 ,2060.95 ,12.65 ,4.58 ,628
11612536 ,796.11 ,2061.24 ,12.93 ,4.63 ,615
11624323 ,789.05 ,2061.36 ,13.05 ,4.66 ,609
11636121 ,773.88 ,2061.62 ,13.30 ,4.70 ,597
11648040 ,762.31 ,2061.82 ,13.50 ,4.73 ,588
11659981 ,747.39 ,2062.08 ,13.75 ,4.78 ,577
11672051 ,739.99 ,2062.21 ,13.88 ,4.80 ,571
11684154 ,720.77 ,2062.55 ,14.21 ,4.86 ,556
11696396 ,710.13 ,2062.74 ,14.39 ,4.89 ,548
11708679 ,696.79 ,2062.98 ,14.63 ,4.93 ,538
11721113 ,687.95 ,2063.14 ,14.79 ,4.96 ,531
11733596 ,672.60 ,2063.42 ,15.06 ,5.00 ,519
11746236 ,666.60 ,2063.53 ,15.17 ,5.02 ,514
11758932 ,656.30 ,2063.72 ,15.35 ,5.05 ,507
11771795 ,643.38 ,2063.96 ,15.59 ,5.09 ,497
11784717 ,630.55 ,2064.20 ,15.82 ,5.13 ,487
11797812 ,615.18 ,2064.49 ,16.10 ,5.17 ,475
11804287 ,602.56 ,2064.73 ,16.34 ,5.21 ,465
11810970 ,586.39 ,2065.04 ,16.64 ,5.26 ,453
11824312 ,571.39 ,2065.33 ,16.92 ,5.30 ,441
11837727 ,563.18 ,2065.49 ,17.08 ,5.33 ,435
11851336 ,548.88 ,2065.77 ,17.35 ,5.37 ,424
11865022 ,534.70 ,2066.05 ,17.63 ,5.41 ,413
11878909 ,526.65 ,2066.21 ,17.78 ,5.44 ,406
11892880 ,519.13 ,2066.36 ,17.93 ,5.46 ,401
11907057 ,508.16 ,2066.58 ,18.14 ,5.49 ,392
11921321 ,501.71 ,2066.71 ,18.27 ,5.51 ,387
11935795 ,491.83 ,2066.91 ,18.47 ,5.54 ,379
11950359 ,484.94 ,2067.05 ,18.60 ,5.56 ,374
11965141 ,479.06 ,2067.17 ,18.72 ,5.58 ,370
11980021 ,472.21 ,2067.31 ,18.86 ,5.60 ,364
11995126 ,466.86 ,2067.42 ,18.96 ,5.61 ,360
12010331 ,459.09 ,2067.58 ,19.12 ,5.64 ,354
12025766 ,454.74 ,2067.67 ,19.21 ,5.65 ,351
12041298 ,447.98 ,2067.81 ,19.35 ,5.67 ,346
12057068 ,447.98 ,2067.81 ,19.35 ,5.67 ,346
12072941 ,442.22 ,2067.93 ,19.46 ,5.69 ,341
12089058 ,437.90 ,2068.02 ,19.55 ,5.70 ,338
12105287 ,434.07 ,2068.10 ,19.63 ,5.71 ,335
12121764 ,436.94 ,2068.04 ,19.57 ,5.70 ,337
12138352 ,432.65 ,2068.13 ,19.66 ,5.71 ,334
12155198 ,425.96 ,2068.27 ,19.79 ,5.73 ,329
12172159 ,417.89 ,2068.44 ,19.96 ,5.76 ,322
12189385 ,411.73 ,2068.57 ,20.09 ,5.78 ,318
12206733 ,407.02 ,2068.67 ,20.19 ,5.79 ,314
12224350 ,410.79 ,2068.59 ,20.11 ,5.78 ,317
12242091 ,407.96 ,2068.65 ,20.17 ,5.79 ,315
12260107 ,407.96 ,2068.65 ,20.17 ,5.79 ,315
12278248 ,400.90 ,2068.80 ,20.31 ,5.81 ,309
12287389 ,396.21 ,2068.90 ,20.41 ,5.82 ,306
12296672 ,393.40 ,2068.96 ,20.47 ,5.83 ,303
12315223 ,387.78 ,2069.08 ,20.59 ,5.85 ,299
12334066 ,382.66 ,2069.19 ,20.69 ,5.86 ,295
12353043 ,380.80 ,2069.23 ,20.73 ,5.87 ,294
12372321 ,382.66 ,2069.19 ,20.69 ,5.86 ,295
12391738 ,379.40 ,2069.26 ,20.76 ,5.87 ,293
12411465 ,375.68 ,2069.34 ,20.84 ,5.88 ,290
12431336 ,367.35 ,2069.52 ,21.02 ,5.91 ,283
12451522 ,367.35 ,2069.52 ,21.02 ,5.91 ,283
12471855 ,363.65 ,2069.60 ,21.09 ,5.92 ,280
12492513 ,361.82 ,2069.64 ,21.13 ,5.92 ,279
12513321 ,364.58 ,2069.58 ,21.07 ,5.92 ,281
12534460 ,349.88 ,2069.90 ,21.39 ,5.96 ,270
12555751 ,360.90 ,2069.66 ,21.15 ,5.93 ,278
12577378 ,364.58 ,2069.58 ,21.07 ,5.92 ,281
12599164 ,365.04 ,2069.57 ,21.06 ,5.92 ,282
12621297 ,366.89 ,2069.53 ,21.03 ,5.91 ,283
12643590 ,369.66 ,2069.47 ,20.97 ,5.90 ,285
12666231 ,371.05 ,2069.44 ,20.94 ,5.90 ,286
12689026 ,371.98 ,2069.42 ,20.92 ,5.89 ,287
12712169 ,375.68 ,2069.34 ,20.84 ,5.88 ,290
12735466 ,394.33 ,2068.94 ,20.45 ,5.83 ,304
12747201 ,398.08 ,2068.86 ,20.37 ,5.82 ,307
12759112 ,403.72 ,2068.74 ,20.25 ,5.80 ,311
12782901 ,405.13 ,2068.71 ,20.22 ,5.80 ,312
12807026 ,414.10 ,2068.52 ,20.04 ,5.77 ,319
12831275 ,406.08 ,2068.69 ,20.21 ,5.79 ,313
12855848 ,415.05 ,2068.50 ,20.02 ,5.77 ,320
12880537 ,422.63 ,2068.34 ,19.86 ,5.74 ,326
12905537 ,432.65 ,2068.13 ,19.66 ,5.71 ,334
12930616 ,440.30 ,2067.97 ,19.50 ,5.69 ,340
12955956 ,447.98 ,2067.81 ,19.35 ,5.67 ,346
12981311 ,458.12 ,2067.60 ,19.14 ,5.64 ,353
13006858 ,459.09 ,2067.58 ,19.12 ,5.64 ,354
13032362 ,470.75 ,2067.34 ,18.89 ,5.60 ,363
13058016 ,482.48 ,2067.10 ,18.65 ,5.57 ,372
13083563 ,494.78 ,2066.85 ,18.41 ,5.53 ,382
13109170 ,508.66 ,2066.57 ,18.13 ,5.49 ,392
13134579 ,522.64 ,2066.29 ,17.86 ,5.45 ,403
13159953 ,547.87 ,2065.79 ,17.37 ,5.37 ,423
13185015 ,567.29 ,2065.41 ,17.00 ,5.31 ,438
13209897 ,594.20 ,2064.89 ,16.49 ,5.23 ,459
13234328 ,609.38 ,2064.60 ,16.21 ,5.19 ,470
13258445 ,627.36 ,2064.26 ,15.88 ,5.14 ,484
13270128 ,627.36 ,2064.26 ,15.88 ,5.14 ,484
13282021 ,641.23 ,2064.00 ,15.63 ,5.09 ,495
13305249 ,655.76 ,2063.73 ,15.36 ,5.05 ,506
13327927 ,670.96 ,2063.45 ,15.09 ,5.01 ,518
13350251 ,685.75 ,2063.18 ,14.82 ,4.96 ,529
13361050 ,695.68 ,2063.00 ,14.65 ,4.93 ,537
13372033 ,729.22 ,2062.40 ,14.06 ,4.83 ,563
13393429 ,745.67 ,2062.11 ,13.78 ,4.78 ,576
13414222 ,761.15 ,2061.84 ,13.52 ,4.74 ,588
13434600 ,783.79 ,2061.45 ,13.13 ,4.67 ,605
13454409 ,801.42 ,2061.15 ,12.84 ,4.62 ,619
13473819 ,818.65 ,2060.86 ,12.56 ,4.57 ,632
13492688 ,812.69 ,2060.96 ,12.66 ,4.59 ,627
13511201 ,830.66 ,2060.66 ,12.36 ,4.53 ,641
13529248 ,847.01 ,2060.39 ,12.10 ,4.48 ,654
13546998 ,861.69 ,2060.15 ,11.87 ,4.44 ,665
13564312 ,877.14 ,2059.90 ,11.62 ,4.39 ,677
13581346 ,895.89 ,2059.60 ,11.33 ,4.34 ,692
13597974 ,906.00 ,2059.44 ,11.17 ,4.31 ,699
13614345 ,923.86 ,2059.16 ,10.90 ,4.25 ,713
13630338 ,939.34 ,2058.92 ,10.66 ,4.21 ,725
13638217 ,956.30 ,2058.66 ,10.41 ,4.16 ,738
13646093 ,970.81 ,2058.44 ,10.20 ,4.12 ,750
13653718 ,986.15 ,2058.21 ,9.97 ,4.07 ,761
13661476 ,995.57 ,2058.07 ,9.83 ,4.04 ,769
13676611 ,1008.48 ,2057.88 ,9.65 ,4.00 ,779
13691380 ,1015.99 ,2057.77 ,9.54 ,3.98 ,784
13705922 ,1027.00 ,2057.61 ,9.38 ,3.95 ,793
13720137 ,1038.81 ,2057.44 ,9.22 ,3.91 ,802
13727144 ,1046.50 ,2057.33 ,9.11 ,3.89 ,808
13734156 ,1052.84 ,2057.24 ,9.02 ,3.87 ,813
13747873 ,1058.49 ,2057.16 ,8.95 ,3.85 ,817
13761414 ,1055.66 ,2057.20 ,8.98 ,3.86 ,815
13774683 ,1059.20 ,2057.15 ,8.94 ,3.85 ,818
13787809 ,1061.31 ,2057.12 ,8.91 ,3.85 ,819
13794189 ,1064.16 ,2057.08 ,8.87 ,3.84 ,822
13800700 ,1063.45 ,2057.09 ,8.88 ,3.84 ,821
13813474 ,1060.62 ,2057.13 ,8.92 ,3.85 ,819
13826038 ,1062.03 ,2057.11 ,8.90 ,3.84 ,820
13838514 ,1056.37 ,2057.19 ,8.97 ,3.86 ,816
13850806 ,1054.95 ,2057.21 ,8.99 ,3.87 ,815
13863029 ,1046.50 ,2057.33 ,9.11 ,3.89 ,808
13875092 ,1036.72 ,2057.47 ,9.25 ,3.92 ,800
13887108 ,1031.16 ,2057.55 ,9.33 ,3.94 ,796
13898988 ,1020.11 ,2057.71 ,9.48 ,3.97 ,788
13910847 ,1003.71 ,2057.95 ,9.72 ,4.02 ,775
13922593 ,990.86 ,2058.14 ,9.90 ,4.06 ,765
13934339 ,982.13 ,2058.27 ,10.03 ,4.08 ,758
13945997 ,978.12 ,2058.33 ,10.09 ,4.09 ,755
13957672 ,966.17 ,2058.51 ,10.26 ,4.13 ,746
13969273 ,959.57 ,2058.61 ,10.36 ,4.15 ,741
13980902 ,950.40 ,2058.75 ,10.50 ,4.18 ,734
13992470 ,936.74 ,2058.96 ,10.70 ,4.22 ,723
14004076 ,922.57 ,2059.18 ,10.92 ,4.26 ,712
14009776 ,909.81 ,2059.38 ,11.11 ,4.30 ,702
14015633 ,894.63 ,2059.62 ,11.35 ,4.34 ,691
14021410 ,882.11 ,2059.82 ,11.54 ,4.38 ,681
14027247 ,869.70 ,2060.02 ,11.74 ,4.42 ,671
14038833 ,858.00 ,2060.21 ,11.92 ,4.45 ,662
14050500 ,840.93 ,2060.49 ,12.20 ,4.50 ,649
14062156 ,822.84 ,2060.79 ,12.49 ,4.55 ,635
14073906 ,810.90 ,2060.99 ,12.69 ,4.59 ,626
14085659 ,797.88 ,2061.21 ,12.90 ,4.63 ,616
14097521 ,783.79 ,2061.45 ,13.13 ,4.67 ,605
14109391 ,768.67 ,2061.71 ,13.39 ,4.72 ,593
14121381 ,757.14 ,2061.91 ,13.58 ,4.75 ,584
14133394 ,736.58 ,2062.27 ,13.94 ,4.81 ,569
14145542 ,717.39 ,2062.61 ,14.27 ,4.87 ,554
14157726 ,705.66 ,2062.82 ,14.47 ,4.90 ,545
14170060 ,686.85 ,2063.16 ,14.80 ,4.96 ,530
14182441 ,672.05 ,2063.43 ,15.07 ,5.00 ,519
14194980 ,666.60 ,2063.53 ,15.17 ,5.02 ,514
14207576 ,656.84 ,2063.71 ,15.34 ,5.05 ,507
14220337 ,643.92 ,2063.95 ,15.58 ,5.09 ,497
14233156 ,630.55 ,2064.20 ,15.82 ,5.13 ,487
14246147 ,614.65 ,2064.50 ,16.11 ,5.17 ,474
14259202 ,617.82 ,2064.44 ,16.05 ,5.16 ,477
14272435 ,592.63 ,2064.92 ,16.52 ,5.24 ,457
14285734 ,580.17 ,2065.16 ,16.76 ,5.28 ,448
14299220 ,573.97 ,2065.28 ,16.88 ,5.29 ,443
14312783 ,573.45 ,2065.29 ,16.88 ,5.30 ,443
14326538 ,565.23 ,2065.45 ,17.04 ,5.32 ,436
14340367 ,571.91 ,2065.32 ,16.91 ,5.30 ,441
14354392 ,563.69 ,2065.48 ,17.07 ,5.33 ,435
14368489 ,549.90 ,2065.75 ,17.33 ,5.37 ,424
14382782 ,540.27 ,2065.94 ,17.52 ,5.39 ,417
14397157 ,533.19 ,2066.08 ,17.66 ,5.42 ,411
14411741 ,525.15 ,2066.24 ,17.81 ,5.44 ,405
14426411 ,516.14 ,2066.42 ,17.99 ,5.47 ,398
14441295 ,509.65 ,2066.55 ,18.12 ,5.49 ,393
14456266 ,503.70 ,2066.67 ,18.23 ,5.50 ,389
14471459 ,496.76 ,2066.81 ,18.37 ,5.52 ,383
14486747 ,491.34 ,2066.92 ,18.48 ,5.54 ,379
14502259 ,485.43 ,2067.04 ,18.59 ,5.56 ,375
14517864 ,480.53 ,2067.14 ,18.69 ,5.57 ,371
14533702 ,471.73 ,2067.32 ,18.87 ,5.60 ,364
14549641 ,463.46 ,2067.49 ,19.03 ,5.62 ,358
14565820 ,455.23 ,2067.66 ,19.20 ,5.65 ,351
14582103 ,447.98 ,2067.81 ,19.35 ,5.67 ,346
14598633 ,442.22 ,2067.93 ,19.46 ,5.69 ,341
14615271 ,438.38 ,2068.01 ,19.54 ,5.70 ,338
14632167 ,436.46 ,2068.05 ,19.58 ,5.70 ,337
14649181 ,431.69 ,2068.15 ,19.68 ,5.72 ,333
14666458 ,427.39 ,2068.24 ,19.77 ,5.73 ,330
14683855 ,427.87 ,2068.23 ,19.76 ,5.73 ,330
14701519 ,415.52 ,2068.49 ,20.01 ,5.77 ,321
14719305 ,410.31 ,2068.60 ,20.12 ,5.78 ,316
14737369 ,406.55 ,2068.68 ,20.20 ,5.79 ,314
14755558 ,403.25 ,2068.75 ,20.26 ,5.80 ,311
14774035 ,402.78 ,2068.76 ,20.27 ,5.80 ,311
14792646 ,397.15 ,2068.88 ,20.39 ,5.82 ,306
14802029 ,395.74 ,2068.91 ,20.42 ,5.82 ,305
14811558 ,405.61 ,2068.70 ,20.21 ,5.79 ,313
14830608 ,401.84 ,2068.78 ,20.29 ,5.81 ,310
14849959 ,398.08 ,2068.86 ,20.37 ,5.82 ,307
14869450 ,414.57 ,2068.51 ,20.03 ,5.77 ,320
14889246 ,414.10 ,2068.52 ,20.04 ,5.77 ,319
14909184 ,412.21 ,2068.56 ,20.08 ,5.78 ,318
14929434 ,412.21 ,2068.56 ,20.08 ,5.78 ,318
14949828 ,421.20 ,2068.37 ,19.89 ,5.75 ,325
14970536 ,421.20 ,2068.37 ,19.89 ,5.75 ,325
14980788 ,421.68 ,2068.36 ,19.88 ,5.75 ,325
14991381 ,423.58 ,2068.32 ,19.84 ,5.74 ,327
15012542 ,424.06 ,2068.31 ,19.83 ,5.74 ,327
15033840 ,427.39 ,2068.24 ,19.77 ,5.73 ,330
15055454 ,432.65 ,2068.13 ,19.66 ,5.71 ,334
15077196 ,435.51 ,2068.07 ,19.60 ,5.71 ,336
15099254 ,443.66 ,2067.90 ,19.43 ,5.68 ,342
15121439 ,460.55 ,2067.55 ,19.09 ,5.63 ,355
15143924 ,463.95 ,2067.48 ,19.02 ,5.62 ,358
15166493 ,469.29 ,2067.37 ,18.92 ,5.61 ,362
15189327 ,474.17 ,2067.27 ,18.82 ,5.59 ,366
15212211 ,481.50 ,2067.12 ,18.67 ,5.57 ,371
15235319 ,488.87 ,2066.97 ,18.53 ,5.55 ,377
15258433 ,490.85 ,2066.93 ,18.49 ,5.54 ,379
15281725 ,494.78 ,2066.85 ,18.41 ,5.53 ,382
15304984 ,503.20 ,2066.68 ,18.24 ,5.50 ,388
15328393 ,511.15 ,2066.52 ,18.09 ,5.48 ,394
15351727 ,519.13 ,2066.36 ,17.93 ,5.46 ,401
15375157 ,527.16 ,2066.20 ,17.77 ,5.43 ,407
15398459 ,535.21 ,2066.04 ,17.62 ,5.41 ,413
15410085 ,548.88 ,2065.77 ,17.35 ,5.37 ,424
15421803 ,561.13 ,2065.53 ,17.12 ,5.33 ,433
15444937 ,570.36 ,2065.35 ,16.94 ,5.31 ,440
15456439 ,580.69 ,2065.15 ,16.75 ,5.27 ,448
15468010 ,590.55 ,2064.96 ,16.56 ,5.25 ,456
15490791 ,603.61 ,2064.71 ,16.32 ,5.21 ,466
15513439 ,616.76 ,2064.46 ,16.07 ,5.17 ,476
15535738 ,629.49 ,2064.22 ,15.84 ,5.13 ,486
15557852 ,642.31 ,2063.98 ,15.61 ,5.09 ,496
15579583 ,652.52 ,2063.79 ,15.42 ,5.06 ,504
15601107 ,667.15 ,2063.52 ,15.16 ,5.02 ,515
15622233 ,678.61 ,2063.31 ,14.95 ,4.98 ,524
15643129 ,694.02 ,2063.03 ,14.68 ,4.94 ,536
15663619 ,714.04 ,2062.67 ,14.33 ,4.88 ,551
15683862 ,732.04 ,2062.35 ,14.01 ,4.82 ,565
15703680 ,747.96 ,2062.07 ,13.74 ,4.78 ,577
15723230 ,763.46 ,2061.80 ,13.48 ,4.73 ,589
15732704 ,748.53 ,2062.06 ,13.73 ,4.78 ,578
15742352 ,764.62 ,2061.78 ,13.46 ,4.73 ,590
15761224 ,788.46 ,2061.37 ,13.06 ,4.66 ,609
15779697 ,800.24 ,2061.17 ,12.86 ,4.62 ,618
15797917 ,816.27 ,2060.90 ,12.60 ,4.57 ,630
15815742 ,830.66 ,2060.66 ,12.36 ,4.53 ,641
15833326 ,850.04 ,2060.34 ,12.05 ,4.47 ,656
15850529 ,859.85 ,2060.18 ,11.89 ,4.45 ,664
15867497 ,880.86 ,2059.84 ,11.56 ,4.38 ,680
15884097 ,893.39 ,2059.64 ,11.37 ,4.35 ,690
15900474 ,902.83 ,2059.49 ,11.22 ,4.32 ,697
15916497 ,914.26 ,2059.31 ,11.04 ,4.28 ,706
15932313 ,926.41 ,2059.12 ,10.86 ,4.25 ,715
15947802 ,928.34 ,2059.09 ,10.83 ,4.24 ,717
15963107 ,933.50 ,2059.01 ,10.75 ,4.23 ,721
15978112 ,943.87 ,2058.85 ,10.60 ,4.20 ,729
15992960 ,953.02 ,2058.71 ,10.46 ,4.17 ,736
16007537 ,966.84 ,2058.50 ,10.25 ,4.13 ,746
16021970 ,958.27 ,2058.63 ,10.38 ,4.15 ,740
16036152 ,960.23 ,2058.60 ,10.35 ,4.15 ,741
16043173 ,970.15 ,2058.45 ,10.21 ,4.12 ,749
16050219 ,967.50 ,2058.49 ,10.24 ,4.13 ,747
16064063 ,966.17 ,2058.51 ,10.26 ,4.13 ,746
16077811 ,955.64 ,2058.67 ,10.42 ,4.16 ,738
16091360 ,950.40 ,2058.75 ,10.50 ,4.18 ,734
16104842 ,947.13 ,2058.80 ,10.55 ,4.19 ,731
16118157 ,953.02 ,2058.71 ,10.46 ,4.17 ,736
16131425 ,953.02 ,2058.71 ,10.46 ,4.17 ,736
16144542 ,950.40 ,2058.75 ,10.50 ,4.18 ,734
16157625 ,949.09 ,2058.77 ,10.52 ,4.18 ,733
16170570 ,947.78 ,2058.79 ,10.54 ,4.18 ,732
16183492 ,938.69 ,2058.93 ,10.67 ,4.21 ,725
16196290 ,935.45 ,2058.98 ,10.72 ,4.22 ,722
16209081 ,925.14 ,2059.14 ,10.88 ,4.25 ,714
16221766 ,937.39 ,2058.95 ,10.69 ,4.21 ,724
16234455 ,927.05 ,2059.11 ,10.85 ,4.25 ,716
16247048 ,914.26 ,2059.31 ,11.04 ,4.28 ,706
16259652 ,902.83 ,2059.49 ,11.22 ,4.32 ,697
16272171 ,894.02 ,2059.63 ,11.36 ,4.34 ,690
16284722 ,890.25 ,2059.69 ,11.42 ,4.35 ,687
16297201 ,880.86 ,2059.84 ,11.56 ,4.38 ,680
16309723 ,872.18 ,2059.98 ,11.70 ,4.41 ,673
16315868 ,865.37 ,2060.09 ,11.81 ,4.43 ,668
16322185 ,854.33 ,2060.27 ,11.98 ,4.46 ,660
16334702 ,843.96 ,2060.44 ,12.15 ,4.49 ,652
16347175 ,831.86 ,2060.64 ,12.34 ,4.53 ,642
16359720 ,816.27 ,2060.90 ,12.60 ,4.57 ,630
16372238 ,803.18 ,2061.12 ,12.81 ,4.61 ,620
16384846 ,804.37 ,2061.10 ,12.79 ,4.61 ,621
16397439 ,784.37 ,2061.44 ,13.12 ,4.67 ,605
16410127 ,773.31 ,2061.63 ,13.31 ,4.70 ,597
16422810 ,766.35 ,2061.75 ,13.43 ,4.72 ,592
16435603 ,750.25 ,2062.03 ,13.70 ,4.77 ,579
16448400 ,739.42 ,2062.22 ,13.89 ,4.80 ,571
16461319 ,726.96 ,2062.44 ,14.10 ,4.84 ,561
16467690 ,719.64 ,2062.57 ,14.23 ,4.86 ,555
16474256 ,710.69 ,2062.73 ,14.38 ,4.89 ,549
16487332 ,699.56 ,2062.93 ,14.58 ,4.92 ,540
16500439 ,668.24 ,2063.50 ,15.14 ,5.01 ,516
16513699 ,662.80 ,2063.60 ,15.23 ,5.03 ,512
16527010 ,650.90 ,2063.82 ,15.45 ,5.07 ,502
16540491 ,638.02 ,2064.06 ,15.68 ,5.10 ,492
16554030 ,618.88 ,2064.42 ,16.04 ,5.16 ,478
16567747 ,611.48 ,2064.56 ,16.17 ,5.18 ,472
16581530 ,602.56 ,2064.73 ,16.34 ,5.21 ,465
16595500 ,609.38 ,2064.60 ,16.21 ,5.19 ,470
16609537 ,600.99 ,2064.76 ,16.37 ,5.21 ,464
16623763 ,594.20 ,2064.89 ,16.49 ,5.23 ,459
16638057 ,583.27 ,2065.10 ,16.70 ,5.27 ,450
16652546 ,577.07 ,2065.22 ,16.82 ,5.29 ,445
16667111 ,565.23 ,2065.45 ,17.04 ,5.32 ,436
16681877 ,546.34 ,2065.82 ,17.40 ,5.38 ,422
16696726 ,542.29 ,2065.90 ,17.48 ,5.39 ,418
16711787 ,532.68 ,2066.09 ,17.67 ,5.42 ,411
16726934 ,533.69 ,2066.07 ,17.65 ,5.41 ,412
16742299 ,524.64 ,2066.25 ,17.82 ,5.44 ,405
16757754 ,518.63 ,2066.37 ,17.94 ,5.46 ,400
16773434 ,516.64 ,2066.41 ,17.98 ,5.46 ,399
16789206 ,509.65 ,2066.55 ,18.12 ,5.49 ,393
16805210 ,509.65 ,2066.55 ,18.12 ,5.49 ,393
16821311 ,502.71 ,2066.69 ,18.25 ,5.51 ,388
16837650 ,495.77 ,2066.83 ,18.39 ,5.53 ,383
16854085 ,471.24 ,2067.33 ,18.88 ,5.60 ,364
16862363 ,466.38 ,2067.43 ,18.97 ,5.61 ,360
16870765 ,460.06 ,2067.56 ,19.10 ,5.63 ,355
16887553 ,454.74 ,2067.67 ,19.21 ,5.65 ,351
16904597 ,448.95 ,2067.79 ,19.33 ,5.67 ,346
16921755 ,444.63 ,2067.88 ,19.41 ,5.68 ,343
16939174 ,440.30 ,2067.97 ,19.50 ,5.69 ,340
16956710 ,437.42 ,2068.03 ,19.56 ,5.70 ,337
16974517 ,430.73 ,2068.17 ,19.70 ,5.72 ,332
16992446 ,441.26 ,2067.95 ,19.48 ,5.69 ,340
17010653 ,436.46 ,2068.05 ,19.58 ,5.70 ,337
17028982 ,433.11 ,2068.12 ,19.65 ,5.71 ,334
17038217 ,430.73 ,2068.17 ,19.70 ,5.72 ,332
17047593 ,426.92 ,2068.25 ,19.78 ,5.73 ,329
17066331 ,425.96 ,2068.27 ,19.79 ,5.73 ,329
17085356 ,425.01 ,2068.29 ,19.81 ,5.74 ,328
17104511 ,425.96 ,2068.27 ,19.79 ,5.73 ,329
17123961 ,423.11 ,2068.33 ,19.85 ,5.74 ,326
17143539 ,392.46 ,2068.98 ,20.49 ,5.83 ,303
17163423 ,414.10 ,2068.52 ,20.04 ,5.77 ,319
17183445 ,400.90 ,2068.80 ,20.31 ,5.81 ,309
17203781 ,398.08 ,2068.86 ,20.37 ,5.82 ,307
17224267 ,399.49 ,2068.83 ,20.34 ,5.81 ,308
17245079 ,400.43 ,2068.81 ,20.32 ,5.81 ,309
17266040 ,400.43 ,2068.81 ,20.32 ,5.81 ,309
17287335 ,399.02 ,2068.84 ,20.35 ,5.81 ,308
17297881 ,400.90 ,2068.80 ,20.31 ,5.81 ,309
17308777 ,404.66 ,2068.72 ,20.23 ,5.80 ,312
17330550 ,407.49 ,2068.66 ,20.18 ,5.79 ,314
17352468 ,412.21 ,2068.56 ,20.08 ,5.78 ,318
17374717 ,416.47 ,2068.47 ,19.99 ,5.76 ,321
17397105 ,421.20 ,2068.37 ,19.89 ,5.75 ,325
17419823 ,425.96 ,2068.27 ,19.79 ,5.73 ,329
17442673 ,430.73 ,2068.17 ,19.70 ,5.72 ,332
17465845 ,435.51 ,2068.07 ,19.60 ,5.71 ,336
17489136 ,440.78 ,2067.96 ,19.49 ,5.69 ,340
17512735 ,445.09 ,2067.87 ,19.40 ,5.68 ,343
17536431 ,450.40 ,2067.76 ,19.30 ,5.66 ,347
17560409 ,452.81 ,2067.71 ,19.25 ,5.65 ,349
17584446 ,457.15 ,2067.62 ,19.16 ,5.64 ,353
17608735 ,463.95 ,2067.48 ,19.02 ,5.62 ,358
17633051 ,470.75 ,2067.34 ,18.89 ,5.60 ,363
17645243 ,482.48 ,2067.10 ,18.65 ,5.57 ,372
17657572 ,496.27 ,2066.82 ,18.38 ,5.53 ,383
17682032 ,505.19 ,2066.64 ,18.20 ,5.50 ,390
17706579 ,517.14 ,2066.40 ,17.97 ,5.46 ,399
17730970 ,521.13 ,2066.32 ,17.89 ,5.45 ,402
17755381 ,541.79 ,2065.91 ,17.49 ,5.39 ,418
17779580 ,548.88 ,2065.77 ,17.35 ,5.37 ,424
17803718 ,564.20 ,2065.47 ,17.06 ,5.32 ,435
17815502 ,573.97 ,2065.28 ,16.88 ,5.29 ,443
17827561 ,589.51 ,2064.98 ,16.58 ,5.25 ,455
17851247 ,586.91 ,2065.03 ,16.63 ,5.26 ,453
17874551 ,600.99 ,2064.76 ,16.37 ,5.21 ,464
17897686 ,613.59 ,2064.52 ,16.13 ,5.18 ,474
17920437 ,626.30 ,2064.28 ,15.90 ,5.14 ,483
17942979 ,641.23 ,2064.00 ,15.63 ,5.09 ,495
17965105 ,650.36 ,2063.83 ,15.46 ,5.07 ,502
17986989 ,667.69 ,2063.51 ,15.15 ,5.02 ,515
18008443 ,681.90 ,2063.25 ,14.89 ,4.97 ,526
18029640 ,688.51 ,2063.13 ,14.78 ,4.95 ,531
18050402 ,705.11 ,2062.83 ,14.48 ,4.90 ,544
18060650 ,717.96 ,2062.60 ,14.26 ,4.87 ,554
18070908 ,733.74 ,2062.32 ,13.98 ,4.82 ,566
18080846 ,758.86 ,2061.88 ,13.55 ,4.75 ,586
18090963 ,772.73 ,2061.64 ,13.32 ,4.70 ,596
18110692 ,785.55 ,2061.42 ,13.11 ,4.67 ,606
18129917 ,810.31 ,2061.00 ,12.70 ,4.59 ,626
18139373 ,826.44 ,2060.73 ,12.43 ,4.54 ,638
18148812 ,836.08 ,2060.57 ,12.28 ,4.52 ,645
18167206 ,853.10 ,2060.29 ,12.00 ,4.47 ,659
18185264 ,869.70 ,2060.02 ,11.74 ,4.42 ,671
18202845 ,885.24 ,2059.77 ,11.49 ,4.37 ,683
18220112 ,895.89 ,2059.60 ,11.33 ,4.34 ,692
18228455 ,912.34 ,2059.34 ,11.07 ,4.29 ,704
18236939 ,927.70 ,2059.10 ,10.84 ,4.24 ,716
18253481 ,950.40 ,2058.75 ,10.50 ,4.18 ,734
18269599 ,958.27 ,2058.63 ,10.38 ,4.15 ,740
18285439 ,968.82 ,2058.47 ,10.22 ,4.12 ,748
18293098 ,979.46 ,2058.31 ,10.07 ,4.09 ,756
18300888 ,985.48 ,2058.22 ,9.98 ,4.07 ,761
18316090 ,990.86 ,2058.14 ,9.90 ,4.06 ,765
18330937 ,997.60 ,2058.04 ,9.80 ,4.04 ,770
18345574 ,984.81 ,2058.23 ,9.99 ,4.07 ,760
18359905 ,989.52 ,2058.16 ,9.92 ,4.06 ,764
18374078 ,1015.30 ,2057.78 ,9.55 ,3.98 ,784
18387989 ,1018.05 ,2057.74 ,9.51 ,3.97 ,786
18401754 ,1019.42 ,2057.72 ,9.49 ,3.97 ,787
18415272 ,1022.18 ,2057.68 ,9.45 ,3.96 ,789
18428668 ,1020.80 ,2057.70 ,9.47 ,3.97 ,788
18441841 ,1007.11 ,2057.90 ,9.67 ,4.01 ,778
18454921 ,1008.48 ,2057.88 ,9.65 ,4.00 ,779
18467813 ,996.25 ,2058.06 ,9.82 ,4.04 ,769
18480640 ,995.57 ,2058.07 ,9.83 ,4.04 ,769
18493307 ,990.19 ,2058.15 ,9.91 ,4.06 ,764
18505933 ,982.80 ,2058.26 ,10.02 ,4.08 ,759
18518422 ,976.12 ,2058.36 ,10.12 ,4.10 ,754
18530889 ,963.53 ,2058.55 ,10.30 ,4.14 ,744
18543239 ,954.33 ,2058.69 ,10.44 ,4.16 ,737
18555589 ,945.17 ,2058.83 ,10.58 ,4.19 ,730
18567843 ,960.23 ,2058.60 ,10.35 ,4.15 ,741
18580111 ,953.67 ,2058.70 ,10.45 ,4.17 ,736
18592289 ,951.05 ,2058.74 ,10.49 ,4.17 ,734
18604484 ,940.63 ,2058.90 ,10.64 ,4.20 ,726
18616595 ,935.45 ,2058.98 ,10.72 ,4.22 ,722
18628731 ,923.21 ,2059.17 ,10.91 ,4.26 ,713
18640797 ,910.43 ,2059.37 ,11.10 ,4.29 ,703
18652902 ,898.41 ,2059.56 ,11.29 ,4.33 ,694
18664949 ,890.87 ,2059.68 ,11.41 ,4.35 ,688
18677051 ,854.33 ,2060.27 ,11.98 ,4.46 ,660
18689111 ,855.55 ,2060.25 ,11.96 ,4.46 ,660
18701247 ,842.14 ,2060.47 ,12.18 ,4.50 ,650
18713362 ,842.14 ,2060.47 ,12.18 ,4.50 ,650
18719428 ,827.65 ,2060.71 ,12.41 ,4.54 ,639
18725563 ,816.27 ,2060.90 ,12.60 ,4.57 ,630
18737751 ,802.01 ,2061.14 ,12.83 ,4.62 ,619
18750035 ,802.01 ,2061.14 ,12.83 ,4.62 ,619
18762319 ,786.13 ,2061.41 ,13.10 ,4.66 ,607
18774710 ,768.67 ,2061.71 ,13.39 ,4.72 ,593
18787106 ,755.99 ,2061.93 ,13.60 ,4.75 ,584
18799623 ,777.95 ,2061.55 ,13.23 ,4.69 ,601
18812158 ,788.46 ,2061.37 ,13.06 ,4.66 ,609
18824811 ,790.81 ,2061.33 ,13.02 ,4.65 ,610
18837464 ,766.35 ,2061.75 ,13.43 ,4.72 ,592
18850228 ,752.54 ,2061.99 ,13.66 ,4.76 ,581
18862998 ,736.58 ,2062.27 ,13.94 ,4.81 ,569
18875893 ,724.14 ,2062.49 ,14.15 ,4.85 ,559
18882254 ,709.57 ,2062.75 ,14.40 ,4.89 ,548
18888811 ,700.11 ,2062.92 ,14.57 ,4.92 ,540
18901873 ,685.75 ,2063.18 ,14.82 ,4.96 ,529
18914977 ,672.60 ,2063.42 ,15.06 ,5.00 ,519
18928242 ,663.88 ,2063.58 ,15.21 ,5.03 ,512
18934796 ,650.36 ,2063.83 ,15.46 ,5.07 ,502
18941562 ,635.34 ,2064.11 ,15.73 ,5.11 ,490
18955053 ,621.00 ,2064.38 ,16.00 ,5.15 ,479
18968612 ,605.71 ,2064.67 ,16.28 ,5.20 ,467
18982354 ,596.28 ,2064.85 ,16.46 ,5.23 ,460
18996166 ,588.47 ,2065.00 ,16.60 ,5.25 ,454
19010170 ,579.14 ,2065.18 ,16.78 ,5.28 ,447
19024248 ,578.10 ,2065.20 ,16.80 ,5.28 ,446
19038523 ,571.91 ,2065.32 ,16.91 ,5.30 ,441
19052876 ,560.62 ,2065.54 ,17.13 ,5.33 ,433
19067431 ,552.45 ,2065.70 ,17.29 ,5.36 ,426
19082067 ,544.31 ,2065.86 ,17.44 ,5.38 ,420
19096913 ,538.24 ,2065.98 ,17.56 ,5.40 ,415
19111845 ,531.17 ,2066.12 ,17.70 ,5.42 ,410
19119364 ,524.14 ,2066.26 ,17.83 ,5.44 ,404
19126993 ,515.14 ,2066.44 ,18.01 ,5.47 ,397
19142232 ,514.64 ,2066.45 ,18.02 ,5.47 ,397
19157694 ,498.24 ,2066.78 ,18.34 ,5.52 ,384
19173251 ,494.29 ,2066.86 ,18.42 ,5.53 ,381
19189040 ,465.89 ,2067.44 ,18.98 ,5.62 ,359
19204930 ,458.61 ,2067.59 ,19.13 ,5.64 ,354
19221066 ,452.81 ,2067.71 ,19.25 ,5.65 ,349
19237310 ,447.98 ,2067.81 ,19.35 ,5.67 ,346
19253809 ,443.18 ,2067.91 ,19.44 ,5.68 ,342
19270423 ,439.34 ,2067.99 ,19.52 ,5.69 ,339
19287296 ,434.55 ,2068.09 ,19.62 ,5.71 ,335
19304287 ,428.82 ,2068.21 ,19.74 ,5.73 ,331
19321544 ,427.87 ,2068.23 ,19.76 ,5.73 ,330
19338922 ,423.11 ,2068.33 ,19.85 ,5.74 ,326
19356572 ,419.32 ,2068.41 ,19.93 ,5.75 ,323
19374346 ,417.89 ,2068.44 ,19.96 ,5.76 ,322
19392402 ,413.15 ,2068.54 ,20.06 ,5.77 ,319
19410585 ,410.31 ,2068.60 ,20.12 ,5.78 ,316
19429058 ,429.30 ,2068.20 ,19.73 ,5.72 ,331
19447665 ,404.66 ,2068.72 ,20.23 ,5.80 ,312
19466566 ,403.72 ,2068.74 ,20.25 ,5.80 ,311
19485603 ,400.90 ,2068.80 ,20.31 ,5.81 ,309
19504943 ,396.21 ,2068.90 ,20.41 ,5.82 ,306
19524427 ,391.05 ,2069.01 ,20.52 ,5.84 ,302
19544225 ,391.05 ,2069.01 ,20.52 ,5.84 ,302
19564168 ,387.78 ,2069.08 ,20.59 ,5.85 ,299
19584429 ,384.06 ,2069.16 ,20.66 ,5.86 ,296
19604841 ,382.66 ,2069.19 ,20.69 ,5.86 ,295
19625576 ,382.19 ,2069.20 ,20.70 ,5.86 ,295
19646459 ,382.19 ,2069.20 ,20.70 ,5.86 ,295
19667674 ,384.52 ,2069.15 ,20.65 ,5.86 ,297
19689042 ,372.44 ,2069.41 ,20.91 ,5.89 ,287
19710749 ,371.52 ,2069.43 ,20.93 ,5.90 ,287
19732612 ,371.52 ,2069.43 ,20.93 ,5.90 ,287
19754821 ,375.22 ,2069.35 ,20.85 ,5.89 ,289
19777190 ,377.07 ,2069.31 ,20.81 ,5.88 ,291
19799906 ,380.80 ,2069.23 ,20.73 ,5.87 ,294
19822778 ,384.99 ,2069.14 ,20.64 ,5.86 ,297
19845999 ,387.78 ,2069.08 ,20.59 ,5.85 ,299
19869376 ,391.05 ,2069.01 ,20.52 ,5.84 ,302
19893106 ,382.66 ,2069.19 ,20.69 ,5.86 ,295
19916989 ,389.18 ,2069.05 ,20.56 ,5.84 ,300
19941229 ,394.33 ,2068.94 ,20.45 ,5.83 ,304
19965616 ,399.96 ,2068.82 ,20.33 ,5.81 ,308
19990352 ,406.08 ,2068.69 ,20.21 ,5.79 ,313
20015217 ,419.32 ,2068.41 ,19.93 ,5.75 ,323
20040407 ,435.51 ,2068.07 ,19.60 ,5.71 ,336
20065672 ,444.63 ,2067.88 ,19.41 ,5.68 ,343
20091187 ,453.78 ,2067.69 ,19.23 ,5.65 ,350
20116699 ,466.86 ,2067.42 ,18.96 ,5.61 ,360
20142385 ,477.10 ,2067.21 ,18.76 ,5.58 ,368
20167986 ,488.87 ,2066.97 ,18.53 ,5.55 ,377
20193672 ,492.82 ,2066.89 ,18.45 ,5.54 ,380
20219190 ,504.69 ,2066.65 ,18.21 ,5.50 ,389
20244739 ,517.64 ,2066.39 ,17.96 ,5.46 ,399
20270059 ,533.19 ,2066.08 ,17.66 ,5.42 ,411
20295317 ,543.31 ,2065.88 ,17.46 ,5.39 ,419
20307645 ,549.39 ,2065.76 ,17.34 ,5.37 ,424
20320255 ,563.18 ,2065.49 ,17.08 ,5.33 ,435
20345042 ,572.42 ,2065.31 ,16.90 ,5.30 ,442
20369422 ,590.03 ,2064.97 ,16.57 ,5.25 ,455
20381486 ,605.18 ,2064.68 ,16.29 ,5.20 ,467
20393581 ,614.65 ,2064.50 ,16.11 ,5.17 ,474
20417259 ,637.48 ,2064.07 ,15.69 ,5.11 ,492
20440623 ,654.14 ,2063.76 ,15.39 ,5.06 ,505
20463442 ,658.47 ,2063.68 ,15.31 ,5.04 ,508
20485910 ,673.69 ,2063.40 ,15.04 ,5.00 ,520
20507859 ,691.25 ,2063.08 ,14.73 ,4.95 ,534
20529476 ,719.64 ,2062.57 ,14.23 ,4.86 ,555
20550567 ,735.44 ,2062.29 ,13.96 ,4.81 ,568
20571289 ,735.44 ,2062.29 ,13.96 ,4.81 ,568
20591485 ,750.25 ,2062.03 ,13.70 ,4.77 ,579
20611360 ,768.09 ,2061.72 ,13.40 ,4.72 ,593
20630759 ,783.21 ,2061.46 ,13.14 ,4.67 ,605
20649849 ,778.53 ,2061.54 ,13.22 ,4.69 ,601
20668486 ,789.64 ,2061.35 ,13.04 ,4.65 ,610
20686864 ,811.50 ,2060.98 ,12.68 ,4.59 ,626
20704843 ,827.04 ,2060.72 ,12.42 ,4.54 ,638
20722573 ,843.36 ,2060.45 ,12.16 ,4.49 ,651
20739911 ,858.00 ,2060.21 ,11.92 ,4.45 ,662
20757007 ,872.18 ,2059.98 ,11.70 ,4.41 ,673
20773727 ,885.24 ,2059.77 ,11.49 ,4.37 ,683
20790221 ,900.30 ,2059.53 ,11.26 ,4.32 ,695
20798216 ,911.71 ,2059.35 ,11.08 ,4.29 ,704
20806358 ,919.37 ,2059.23 ,10.97 ,4.27 ,710
20822275 ,928.34 ,2059.09 ,10.83 ,4.24 ,717
20837851 ,938.69 ,2058.93 ,10.67 ,4.21 ,725
20853226 ,953.67 ,2058.70 ,10.45 ,4.17 ,736
20868286 ,970.15 ,2058.45 ,10.21 ,4.12 ,749
20883164 ,978.12 ,2058.33 ,10.09 ,4.09 ,755
20897741 ,976.79 ,2058.35 ,10.11 ,4.10 ,754
20912153 ,982.13 ,2058.27 ,10.03 ,4.08 ,758
20926296 ,978.12 ,2058.33 ,10.09 ,4.09 ,755
20940307 ,982.13 ,2058.27 ,10.03 ,4.08 ,758
20954085 ,978.12 ,2058.33 ,10.09 ,4.09 ,755
20967756 ,979.46 ,2058.31 ,10.07 ,4.09 ,756
20981221 ,983.47 ,2058.25 ,10.01 ,4.08 ,759
20994603 ,994.22 ,2058.09 ,9.85 ,4.05 ,768
21007800 ,996.92 ,2058.05 ,9.81 ,4.04 ,770
21020925 ,994.22 ,2058.09 ,9.85 ,4.05 ,768
21033872 ,991.54 ,2058.13 ,9.89 ,4.05 ,766
21046762 ,988.17 ,2058.18 ,9.94 ,4.06 ,763
21059497 ,983.47 ,2058.25 ,10.01 ,4.08 ,759
21072193 ,978.12 ,2058.33 ,10.09 ,4.09 ,755
21084751 ,998.28 ,2058.03 ,9.79 ,4.03 ,771
21097287 ,997.60 ,2058.04 ,9.80 ,4.04 ,770
21109690 ,987.50 ,2058.19 ,9.95 ,4.07 ,762
21122071 ,982.13 ,2058.27 ,10.03 ,4.08 ,758
21134332 ,972.81 ,2058.41 ,10.17 ,4.11 ,751
21146587 ,964.19 ,2058.54 ,10.29 ,4.13 ,744
21158738 ,960.23 ,2058.60 ,10.35 ,4.15 ,741
21170897 ,951.05 ,2058.74 ,10.49 ,4.17 ,734
21182969 ,933.50 ,2059.01 ,10.75 ,4.23 ,721
21195063 ,919.37 ,2059.23 ,10.97 ,4.27 ,710
21207085 ,906.64 ,2059.43 ,11.16 ,4.31 ,700
21219150 ,894.63 ,2059.62 ,11.35 ,4.34 ,691
21231163 ,879.62 ,2059.86 ,11.58 ,4.39 ,679
21243234 ,864.76 ,2060.10 ,11.82 ,4.43 ,668
21255270 ,822.84 ,2060.79 ,12.49 ,4.55 ,635
21261292 ,830.05 ,2060.67 ,12.37 ,4.53 ,641
21267379 ,814.48 ,2060.93 ,12.63 ,4.58 ,629
21279477 ,804.96 ,2061.09 ,12.78 ,4.61 ,621
21291676 ,795.52 ,2061.25 ,12.94 ,4.64 ,614
21303877 ,784.37 ,2061.44 ,13.12 ,4.67 ,605
21316187 ,771.57 ,2061.66 ,13.34 ,4.71 ,596
21328509 ,749.10 ,2062.05 ,13.72 ,4.77 ,578
21334690 ,739.42 ,2062.22 ,13.89 ,4.80 ,571
21340952 ,726.96 ,2062.44 ,14.10 ,4.84 ,561
21347091 ,713.48 ,2062.68 ,14.34 ,4.88 ,551
21353420 ,697.89 ,2062.96 ,14.61 ,4.93 ,539
21366036 ,680.80 ,2063.27 ,14.91 ,4.98 ,525
21378699 ,673.69 ,2063.40 ,15.04 ,5.00 ,520
21391527 ,660.64 ,2063.64 ,15.27 ,5.04 ,510
21404410 ,650.90 ,2063.82 ,15.45 ,5.07 ,502
21417463 ,639.09 ,2064.04 ,15.66 ,5.10 ,493
21430575 ,633.22 ,2064.15 ,15.77 ,5.12 ,489
21443865 ,618.88 ,2064.42 ,16.04 ,5.16 ,478
21457222 ,602.56 ,2064.73 ,16.34 ,5.21 ,465
21470763 ,591.07 ,2064.95 ,16.55 ,5.24 ,456
21484376 ,579.66 ,2065.17 ,16.77 ,5.28 ,447
21498182 ,568.83 ,2065.38 ,16.97 ,5.31 ,439
21512067 ,561.64 ,2065.52 ,17.11 ,5.33 ,433
21526152 ,552.45 ,2065.70 ,17.29 ,5.36 ,426
21540319 ,545.33 ,2065.84 ,17.42 ,5.38 ,421
21554692 ,539.76 ,2065.95 ,17.53 ,5.40 ,417
21569149 ,532.68 ,2066.09 ,17.67 ,5.42 ,411
21583820 ,515.14 ,2066.44 ,18.01 ,5.47 ,397
21598583 ,506.67 ,2066.61 ,18.17 ,5.49 ,391
21613566 ,497.75 ,2066.79 ,18.35 ,5.52 ,384
21628643 ,486.41 ,2067.02 ,18.57 ,5.55 ,375
21643947 ,480.04 ,2067.15 ,18.70 ,5.57 ,370
21659350 ,473.19 ,2067.29 ,18.84 ,5.59 ,365
21674988 ,470.26 ,2067.35 ,18.90 ,5.60 ,363
21690727 ,465.40 ,2067.45 ,18.99 ,5.62 ,359
21706709 ,458.61 ,2067.59 ,19.13 ,5.64 ,354
21722803 ,449.91 ,2067.77 ,19.31 ,5.66 ,347
21739143 ,443.18 ,2067.91 ,19.44 ,5.68 ,342
21755595 ,438.38 ,2068.01 ,19.54 ,5.70 ,338
21772304 ,433.11 ,2068.12 ,19.65 ,5.71 ,334
21789129 ,433.59 ,2068.11 ,19.64 ,5.71 ,334
21806219 ,425.96 ,2068.27 ,19.79 ,5.73 ,329
21823431 ,417.89 ,2068.44 ,19.96 ,5.76 ,322
21840914 ,416.94 ,2068.46 ,19.98 ,5.76 ,322
21858521 ,404.19 ,2068.73 ,20.24 ,5.80 ,312
21876405 ,399.49 ,2068.83 ,20.34 ,5.81 ,308
21894419 ,396.68 ,2068.89 ,20.40 ,5.82 ,306
21912722 ,392.93 ,2068.97 ,20.48 ,5.83 ,303
21931157 ,399.49 ,2068.83 ,20.34 ,5.81 ,308
21949889 ,387.31 ,2069.09 ,20.60 ,5.85 ,299
21968762 ,383.59 ,2069.17 ,20.67 ,5.86 ,296
21987935 ,394.80 ,2068.93 ,20.44 ,5.83 ,305
22007250 ,395.27 ,2068.92 ,20.43 ,5.83 ,305
22026866 ,391.05 ,2069.01 ,20.52 ,5.84 ,302
22046624 ,389.18 ,2069.05 ,20.56 ,5.84 ,300
22066693 ,388.25 ,2069.07 ,20.58 ,5.85 ,299
22086906 ,388.25 ,2069.07 ,20.58 ,5.85 ,299
22107439 ,388.25 ,2069.07 ,20.58 ,5.85 ,299
22128117 ,385.91 ,2069.12 ,20.63 ,5.85 ,298
22149121 ,384.99 ,2069.14 ,20.64 ,5.86 ,297
22170275 ,384.52 ,2069.15 ,20.65 ,5.86 ,297
22191764 ,384.06 ,2069.16 ,20.66 ,5.86 ,296
22213406 ,384.06 ,2069.16 ,20.66 ,5.86 ,296
22235389 ,384.99 ,2069.14 ,20.64 ,5.86 ,297
22257526 ,387.78 ,2069.08 ,20.59 ,5.85 ,299
22268681 ,385.91 ,2069.12 ,20.63 ,5.85 ,298
22280006 ,390.59 ,2069.02 ,20.53 ,5.84 ,301
22302638 ,395.27 ,2068.92 ,20.43 ,5.83 ,305
22325612 ,399.02 ,2068.84 ,20.35 ,5.81 ,308
22348731 ,400.43 ,2068.81 ,20.32 ,5.81 ,309
22372194 ,402.78 ,2068.76 ,20.27 ,5.80 ,311
22395802 ,410.31 ,2068.60 ,20.12 ,5.78 ,316
22419749 ,413.63 ,2068.53 ,20.05 ,5.77 ,319
22443826 ,416.94 ,2068.46 ,19.98 ,5.76 ,322
22468230 ,423.11 ,2068.33 ,19.85 ,5.74 ,326
22492746 ,430.26 ,2068.18 ,19.71 ,5.72 ,332
22517568 ,436.94 ,2068.04 ,19.57 ,5.70 ,337
22542462 ,443.66 ,2067.90 ,19.43 ,5.68 ,342
22567613 ,445.58 ,2067.86 ,19.39 ,5.68 ,344
22592787 ,449.43 ,2067.78 ,19.32 ,5.66 ,347
22618184 ,458.12 ,2067.60 ,19.14 ,5.64 ,353
22643563 ,465.89 ,2067.44 ,18.98 ,5.62 ,359
22669113 ,474.66 ,2067.26 ,18.81 ,5.59 ,366
22694585 ,481.99 ,2067.11 ,18.66 ,5.57 ,372
22720165 ,492.82 ,2066.89 ,18.45 ,5.54 ,380
22745605 ,504.69 ,2066.65 ,18.21 ,5.50 ,389
22771079 ,513.14 ,2066.48 ,18.05 ,5.48 ,396
22796333 ,527.66 ,2066.19 ,17.76 ,5.43 ,407
22821547 ,538.75 ,2065.97 ,17.55 ,5.40 ,416
22846468 ,552.45 ,2065.70 ,17.29 ,5.36 ,426
22871268 ,565.23 ,2065.45 ,17.04 ,5.32 ,436
22895701 ,575.52 ,2065.25 ,16.85 ,5.29 ,444
22919951 ,590.03 ,2064.97 ,16.57 ,5.25 ,455
22943793 ,604.13 ,2064.70 ,16.31 ,5.20 ,466
22967410 ,604.13 ,2064.70 ,16.31 ,5.20 ,466
22990593 ,619.94 ,2064.40 ,16.02 ,5.16 ,478
23013559 ,635.34 ,2064.11 ,15.73 ,5.11 ,490
23036096 ,649.82 ,2063.84 ,15.47 ,5.07 ,502
23058368 ,682.45 ,2063.24 ,14.88 ,4.97 ,527
23069169 ,700.11 ,2062.92 ,14.57 ,4.92 ,540
23080164 ,717.39 ,2062.61 ,14.27 ,4.87 ,554
23101591 ,729.22 ,2062.40 ,14.06 ,4.83 ,563
23122450 ,743.98 ,2062.14 ,13.81 ,4.79 ,574
23142935 ,754.26 ,2061.96 ,13.63 ,4.76 ,582
23162893 ,768.09 ,2061.72 ,13.40 ,4.72 ,593
23182511 ,780.87 ,2061.50 ,13.18 ,4.68 ,603
23201643 ,793.75 ,2061.28 ,12.97 ,4.64 ,613
23220461 ,819.84 ,2060.84 ,12.54 ,4.56 ,633
23238823 ,834.87 ,2060.59 ,12.30 ,4.52 ,644
23256878 ,849.43 ,2060.35 ,12.06 ,4.48 ,656
23274491 ,865.99 ,2060.08 ,11.80 ,4.43 ,669
23291820 ,882.11 ,2059.82 ,11.54 ,4.38 ,681
23308730 ,882.11 ,2059.82 ,11.54 ,4.38 ,681
23325381 ,895.26 ,2059.61 ,11.34 ,4.34 ,691
23341656 ,912.98 ,2059.33 ,11.06 ,4.29 ,705
23357708 ,928.99 ,2059.08 ,10.82 ,4.24 ,717
23373409 ,939.34 ,2058.92 ,10.66 ,4.21 ,725
23388899 ,949.74 ,2058.76 ,10.51 ,4.18 ,733
23404065 ,956.30 ,2058.66 ,10.41 ,4.16 ,738
23419046 ,956.30 ,2058.66 ,10.41 ,4.16 ,738
23433730 ,968.82 ,2058.47 ,10.22 ,4.12 ,748
23448259 ,976.79 ,2058.35 ,10.11 ,4.10 ,754
23462519 ,985.48 ,2058.22 ,9.98 ,4.07 ,761
23476642 ,1000.31 ,2058.00 ,9.77 ,4.03 ,772
23490515 ,1004.39 ,2057.94 ,9.71 ,4.02 ,775
23497379 ,1005.75 ,2057.92 ,9.69 ,4.01 ,777
23504261 ,1012.56 ,2057.82 ,9.59 ,3.99 ,782
23517773 ,1013.93 ,2057.80 ,9.57 ,3.99 ,783
23531174 ,1009.82 ,2057.86 ,9.63 ,4.00 ,780
23544362 ,1010.51 ,2057.85 ,9.62 ,4.00 ,780
23550900 ,1009.14 ,2057.87 ,9.64 ,4.00 ,779
23557461 ,1009.14 ,2057.87 ,9.64 ,4.00 ,779
23570373 ,1009.14 ,2057.87 ,9.64 ,4.00 ,779
23583219 ,1008.48 ,2057.88 ,9.65 ,4.00 ,779
23595899 ,1000.31 ,2058.00 ,9.77 ,4.03 ,772
23608528 ,996.92 ,2058.05 ,9.81 ,4.04 ,770
23614699 ,990.19 ,2058.15 ,9.91 ,4.06 ,764
23621014 ,986.15 ,2058.21 ,9.97 ,4.07 ,761
23633474 ,974.14 ,2058.39 ,10.15 ,4.11 ,752
23645808 ,971.48 ,2058.43 ,10.19 ,4.11 ,750
23658136 ,969.49 ,2058.46 ,10.21 ,4.12 ,748
23670359 ,960.23 ,2058.60 ,10.35 ,4.15 ,741
23682587 ,951.71 ,2058.73 ,10.48 ,4.17 ,735
23694724 ,934.15 ,2059.00 ,10.74 ,4.22 ,721
23706882 ,912.34 ,2059.34 ,11.07 ,4.29 ,704
23718968 ,907.27 ,2059.42 ,11.15 ,4.30 ,700
23731097 ,898.41 ,2059.56 ,11.29 ,4.33 ,694
23743172 ,885.86 ,2059.76 ,11.48 ,4.37 ,684
23755300 ,874.04 ,2059.95 ,11.67 ,4.40 ,675
23767386 ,861.08 ,2060.16 ,11.87 ,4.44 ,665
23779539 ,849.43 ,2060.35 ,12.06 ,4.48 ,656
23791662 ,820.44 ,2060.83 ,12.53 ,4.56 ,633
23803868 ,807.34 ,2061.05 ,12.74 ,4.60 ,623
23816063 ,793.16 ,2061.29 ,12.98 ,4.64 ,612
23828359 ,793.16 ,2061.29 ,12.98 ,4.64 ,612
23840658 ,777.37 ,2061.56 ,13.24 ,4.69 ,600
23853070 ,761.73 ,2061.83 ,13.51 ,4.74 ,588
23865491 ,749.10 ,2062.05 ,13.72 ,4.77 ,578
23878035 ,726.96 ,2062.44 ,14.10 ,4.84 ,561
23890603 ,713.48 ,2062.68 ,14.34 ,4.88 ,551
23903312 ,693.46 ,2063.04 ,14.69 ,4.94 ,535
23916059 ,687.40 ,2063.15 ,14.79 ,4.96 ,531
23928963 ,677.51 ,2063.33 ,14.97 ,4.99 ,523
23941914 ,665.51 ,2063.55 ,15.19 ,5.02 ,514
23955027 ,656.30 ,2063.72 ,15.35 ,5.05 ,507
23968195 ,643.92 ,2063.95 ,15.58 ,5.09 ,497
23981533 ,635.88 ,2064.10 ,15.72 ,5.11 ,491
23988128 ,622.05 ,2064.36 ,15.98 ,5.15 ,480
23994932 ,612.54 ,2064.54 ,16.15 ,5.18 ,473
24008510 ,602.03 ,2064.74 ,16.35 ,5.21 ,465
24022156 ,588.47 ,2065.00 ,16.60 ,5.25 ,454
24035993 ,581.21 ,2065.14 ,16.74 ,5.27 ,449
24049904 ,568.83 ,2065.38 ,16.97 ,5.31 ,439
24064013 ,554.49 ,2065.66 ,17.25 ,5.35 ,428
24078200 ,546.85 ,2065.81 ,17.39 ,5.38 ,422
24092592 ,538.75 ,2065.97 ,17.55 ,5.40 ,416
24107067 ,533.19 ,2066.08 ,17.66 ,5.42 ,411
24121751 ,524.64 ,2066.25 ,17.82 ,5.44 ,405
24136525 ,518.14 ,2066.38 ,17.95 ,5.46 ,400
24143964 ,517.64 ,2066.39 ,17.96 ,5.46 ,399
24151514 ,504.19 ,2066.66 ,18.22 ,5.50 ,389
24166593 ,496.76 ,2066.81 ,18.37 ,5.52 ,383
24181896 ,489.86 ,2066.95 ,18.51 ,5.54 ,378
24189471 ,484.94 ,2067.05 ,18.60 ,5.56 ,374
24197296 ,478.08 ,2067.19 ,18.74 ,5.58 ,369
24212931 ,473.19 ,2067.29 ,18.84 ,5.59 ,365
24228670 ,473.19 ,2067.29 ,18.84 ,5.59 ,365
24244652 ,471.24 ,2067.33 ,18.88 ,5.60 ,364
24260738 ,465.40 ,2067.45 ,18.99 ,5.62 ,359
24268843 ,455.71 ,2067.65 ,19.19 ,5.65 ,352
24277068 ,451.84 ,2067.73 ,19.27 ,5.66 ,349
24293509 ,445.58 ,2067.86 ,19.39 ,5.68 ,344
24310202 ,438.86 ,2068.00 ,19.53 ,5.70 ,339
24318468 ,432.17 ,2068.14 ,19.67 ,5.72 ,333
24327011 ,426.44 ,2068.26 ,19.79 ,5.73 ,329
24344084 ,422.63 ,2068.34 ,19.86 ,5.74 ,326
24361275 ,416.47 ,2068.47 ,19.99 ,5.76 ,321
24378737 ,409.84 ,2068.61 ,20.13 ,5.78 ,316
24396324 ,411.26 ,2068.58 ,20.10 ,5.78 ,317
24414190 ,406.55 ,2068.68 ,20.20 ,5.79 ,314
24432184 ,401.84 ,2068.78 ,20.29 ,5.81 ,310
24450463 ,398.08 ,2068.86 ,20.37 ,5.82 ,307
24468873 ,381.73 ,2069.21 ,20.71 ,5.87 ,294
24487578 ,381.73 ,2069.21 ,20.71 ,5.87 ,294
24506422 ,377.07 ,2069.31 ,20.81 ,5.88 ,291
24525570 ,378.00 ,2069.29 ,20.79 ,5.88 ,292
24535058 ,376.15 ,2069.33 ,20.83 ,5.88 ,290
24544862 ,377.54 ,2069.30 ,20.80 ,5.88 ,291
24564463 ,372.91 ,2069.40 ,20.90 ,5.89 ,288
24584209 ,371.98 ,2069.42 ,20.92 ,5.89 ,287
24604272 ,371.98 ,2069.42 ,20.92 ,5.89 ,287
24624484 ,370.13 ,2069.46 ,20.96 ,5.90 ,285
24645019 ,367.81 ,2069.51 ,21.01 ,5.91 ,284
24665705 ,379.40 ,2069.26 ,20.76 ,5.87 ,293
24686721 ,376.15 ,2069.33 ,20.83 ,5.88 ,290
24707893 ,376.15 ,2069.33 ,20.83 ,5.88 ,290
24729406 ,373.84 ,2069.38 ,20.88 ,5.89 ,288
24751079 ,373.37 ,2069.39 ,20.89 ,5.89 ,288
24773096 ,372.91 ,2069.40 ,20.90 ,5.89 ,288
24795274 ,376.61 ,2069.32 ,20.82 ,5.88 ,290
24817799 ,377.54 ,2069.30 ,20.80 ,5.88 ,291
24840486 ,380.80 ,2069.23 ,20.73 ,5.87 ,294
24863525 ,384.99 ,2069.14 ,20.64 ,5.86 ,297
24886718 ,391.52 ,2069.00 ,20.51 ,5.84 ,302
24910263 ,390.12 ,2069.03 ,20.54 ,5.84 ,301
24921921 ,391.05 ,2069.01 ,20.52 ,5.84 ,302
24933963 ,396.21 ,2068.90 ,20.41 ,5.82 ,306
24958018 ,401.37 ,2068.79 ,20.30 ,5.81 ,310
24982225 ,405.13 ,2068.71 ,20.22 ,5.80 ,312
25006779 ,409.84 ,2068.61 ,20.13 ,5.78 ,316
25031462 ,418.37 ,2068.43 ,19.95 ,5.76 ,323
25056468 ,423.58 ,2068.32 ,19.84 ,5.74 ,327
25081564 ,432.17 ,2068.14 ,19.67 ,5.72 ,333
25106946 ,442.22 ,2067.93 ,19.46 ,5.69 ,341
25132366 ,450.88 ,2067.75 ,19.29 ,5.66 ,348
25158009 ,460.06 ,2067.56 ,19.10 ,5.63 ,355
25183616 ,475.15 ,2067.25 ,18.80 ,5.59 ,367
25209369 ,485.43 ,2067.04 ,18.59 ,5.56 ,375
25234997 ,499.23 ,2066.76 ,18.32 ,5.52 ,385
25260670 ,508.66 ,2066.57 ,18.13 ,5.49 ,392
25286133 ,524.64 ,2066.25 ,17.82 ,5.44 ,405
25311560 ,535.21 ,2066.04 ,17.62 ,5.41 ,413
25336687 ,542.80 ,2065.89 ,17.47 ,5.39 ,419
25361695 ,557.03 ,2065.61 ,17.20 ,5.34 ,430
25386351 ,568.83 ,2065.38 ,16.97 ,5.31 ,439
25410839 ,585.35 ,2065.06 ,16.66 ,5.26 ,452
25434922 ,611.48 ,2064.56 ,16.17 ,5.18 ,472
25458763 ,625.23 ,2064.30 ,15.92 ,5.14 ,483
25482114 ,638.02 ,2064.06 ,15.68 ,5.10 ,492
25505155 ,666.60 ,2063.53 ,15.17 ,5.02 ,514
25527678 ,681.35 ,2063.26 ,14.90 ,4.98 ,526
25549839 ,696.23 ,2062.99 ,14.64 ,4.93 ,537
25571449 ,710.69 ,2062.73 ,14.38 ,4.89 ,549
25592697 ,728.66 ,2062.41 ,14.07 ,4.83 ,562
25613412 ,746.82 ,2062.09 ,13.76 ,4.78 ,576
25633775 ,762.88 ,2061.81 ,13.49 ,4.73 ,589
25653617 ,779.12 ,2061.53 ,13.21 ,4.68 ,601
25673115 ,796.70 ,2061.23 ,12.92 ,4.63 ,615
25692116 ,813.29 ,2060.95 ,12.65 ,4.58 ,628
25710790 ,839.71 ,2060.51 ,12.22 ,4.50 ,648
25719814 ,850.66 ,2060.33 ,12.04 ,4.47 ,657
25728986 ,877.14 ,2059.90 ,11.62 ,4.39 ,677
25746844 ,885.24 ,2059.77 ,11.49 ,4.37 ,683
25764217 ,901.57 ,2059.51 ,11.24 ,4.32 ,696
25781271 ,915.53 ,2059.29 ,11.03 ,4.28 ,707
25797881 ,925.78 ,2059.13 ,10.87 ,4.25 ,715
25814209 ,942.57 ,2058.87 ,10.62 ,4.20 ,728
25830136 ,952.36 ,2058.72 ,10.47 ,4.17 ,735
25845811 ,964.19 ,2058.54 ,10.29 ,4.13 ,744
25861121 ,970.81 ,2058.44 ,10.20 ,4.12 ,750
25876211 ,983.47 ,2058.25 ,10.01 ,4.08 ,759
25890975 ,994.22 ,2058.09 ,9.85 ,4.05 ,768
25898259 ,997.60 ,2058.04 ,9.80 ,4.04 ,770
25905548 ,1003.71 ,2057.95 ,9.72 ,4.02 ,775
25919819 ,1004.39 ,2057.94 ,9.71 ,4.02 ,775
25933921 ,1009.14 ,2057.87 ,9.64 ,4.00 ,779
25947755 ,1010.51 ,2057.85 ,9.62 ,4.00 ,780
25961450 ,1009.14 ,2057.87 ,9.64 ,4.00 ,779
25974905 ,1011.88 ,2057.83 ,9.60 ,3.99 ,781
25988250 ,1009.82 ,2057.86 ,9.63 ,4.00 ,780
26001386 ,1020.80 ,2057.70 ,9.47 ,3.97 ,788
26014436 ,1027.69 ,2057.60 ,9.38 ,3.95 ,793
26027293 ,1016.67 ,2057.76 ,9.53 ,3.98 ,785
26040074 ,1013.93 ,2057.80 ,9.57 ,3.99 ,783
26052684 ,1009.82 ,2057.86 ,9.63 ,4.00 ,780
26065238 ,1009.14 ,2057.87 ,9.64 ,4.00 ,779
26077646 ,1005.07 ,2057.93 ,9.70 ,4.01 ,776
26090018 ,987.50 ,2058.19 ,9.95 ,4.07 ,762
26102259 ,975.45 ,2058.37 ,10.13 ,4.10 ,753
26114487 ,968.82 ,2058.47 ,10.22 ,4.12 ,748
26126611 ,956.96 ,2058.65 ,10.40 ,4.16 ,739
26138741 ,945.17 ,2058.83 ,10.58 ,4.19 ,730
26150787 ,934.80 ,2058.99 ,10.73 ,4.22 ,722
26162859 ,925.78 ,2059.13 ,10.87 ,4.25 ,715
26174861 ,916.17 ,2059.28 ,11.02 ,4.28 ,707
26180856 ,906.64 ,2059.43 ,11.16 ,4.31 ,700
26186904 ,897.15 ,2059.58 ,11.31 ,4.33 ,693
26198893 ,887.11 ,2059.74 ,11.46 ,4.36 ,685
26210938 ,869.08 ,2060.03 ,11.75 ,4.42 ,671
26222945 ,867.23 ,2060.06 ,11.78 ,4.42 ,669
26235019 ,855.55 ,2060.25 ,11.96 ,4.46 ,660
26247067 ,843.96 ,2060.44 ,12.15 ,4.49 ,652
26259193 ,833.06 ,2060.62 ,12.32 ,4.52 ,643
26271301 ,818.05 ,2060.87 ,12.57 ,4.57 ,632
26283501 ,807.34 ,2061.05 ,12.74 ,4.60 ,623
26295693 ,793.75 ,2061.28 ,12.97 ,4.64 ,613
26307988 ,783.21 ,2061.46 ,13.14 ,4.67 ,605
26320287 ,768.67 ,2061.71 ,13.39 ,4.72 ,593
26332703 ,759.42 ,2061.87 ,13.55 ,4.74 ,586
26345132 ,753.69 ,2061.97 ,13.64 ,4.76 ,582
26351372 ,739.99 ,2062.21 ,13.88 ,4.80 ,571
26357688 ,729.79 ,2062.39 ,14.05 ,4.83 ,563
26370267 ,711.81 ,2062.71 ,14.37 ,4.88 ,549
26376584 ,683.00 ,2063.23 ,14.87 ,4.97 ,527
26382986 ,670.96 ,2063.45 ,15.09 ,5.01 ,518
26395751 ,657.93 ,2063.69 ,15.32 ,5.05 ,508
26408685 ,649.28 ,2063.85 ,15.48 ,5.07 ,501
26421678 ,635.88 ,2064.10 ,15.72 ,5.11 ,491
26434847 ,627.36 ,2064.26 ,15.88 ,5.14 ,484
26448079 ,615.18 ,2064.49 ,16.10 ,5.17 ,475
26461493 ,608.85 ,2064.61 ,16.22 ,5.19 ,470
26474977 ,594.20 ,2064.89 ,16.49 ,5.23 ,459
26488647 ,579.66 ,2065.17 ,16.77 ,5.28 ,447
26502389 ,571.39 ,2065.33 ,16.92 ,5.30 ,441
26509305 ,565.74 ,2065.44 ,17.03 ,5.32 ,437
26516323 ,556.52 ,2065.62 ,17.21 ,5.35 ,429
26530335 ,556.52 ,2065.62 ,17.21 ,5.35 ,429
26544547 ,547.87 ,2065.79 ,17.37 ,5.37 ,423
26558839 ,539.76 ,2065.95 ,17.53 ,5.40 ,417
26573337 ,526.65 ,2066.21 ,17.78 ,5.44 ,406
26587921 ,513.14 ,2066.48 ,18.05 ,5.48 ,396
26602716 ,507.16 ,2066.60 ,18.16 ,5.49 ,391
26617603 ,500.23 ,2066.74 ,18.30 ,5.51 ,386
26632713 ,495.77 ,2066.83 ,18.39 ,5.53 ,383
26640192 ,487.89 ,2066.99 ,18.54 ,5.55 ,376
26647915 ,489.86 ,2066.95 ,18.51 ,5.54 ,378
26663346 ,481.02 ,2067.13 ,18.68 ,5.57 ,371
26678874 ,473.68 ,2067.28 ,18.83 ,5.59 ,365
26694635 ,465.89 ,2067.44 ,18.98 ,5.62 ,359
26710497 ,459.58 ,2067.57 ,19.11 ,5.63 ,355
26726599 ,453.78 ,2067.69 ,19.23 ,5.65 ,350
26742807 ,446.54 ,2067.84 ,19.38 ,5.67 ,344
26759260 ,442.70 ,2067.92 ,19.45 ,5.68 ,342
26775825 ,435.98 ,2068.06 ,19.59 ,5.70 ,336
26792648 ,432.65 ,2068.13 ,19.66 ,5.71 ,334
26809587 ,425.01 ,2068.29 ,19.81 ,5.74 ,328
26826788 ,419.32 ,2068.41 ,19.93 ,5.75 ,323
26844110 ,412.68 ,2068.55 ,20.07 ,5.77 ,318
26861703 ,407.96 ,2068.65 ,20.17 ,5.79 ,315
26879422 ,404.19 ,2068.73 ,20.24 ,5.80 ,312
26897425 ,401.37 ,2068.79 ,20.30 ,5.81 ,310
26915558 ,398.08 ,2068.86 ,20.37 ,5.82 ,307
26933977 ,394.80 ,2068.93 ,20.44 ,5.83 ,305
26952530 ,389.18 ,2069.05 ,20.56 ,5.84 ,300
26971376 ,384.99 ,2069.14 ,20.64 ,5.86 ,297
26990357 ,383.13 ,2069.18 ,20.68 ,5.86 ,295
27009641 ,377.07 ,2069.31 ,20.81 ,5.88 ,291
27029067 ,372.44 ,2069.41 ,20.91 ,5.89 ,287
27048801 ,369.66 ,2069.47 ,20.97 ,5.90 ,285
27068684 ,366.89 ,2069.53 ,21.03 ,5.91 ,283
27088885 ,368.74 ,2069.49 ,20.99 ,5.90 ,284
27109237 ,367.81 ,2069.51 ,21.01 ,5.91 ,284
27129914 ,366.89 ,2069.53 ,21.03 ,5.91 ,283
27150749 ,370.13 ,2069.46 ,20.96 ,5.90 ,285
27171916 ,368.28 ,2069.50 ,21.00 ,5.91 ,284
27182402 ,369.20 ,2069.48 ,20.98 ,5.90 ,285
27193241 ,365.04 ,2069.57 ,21.06 ,5.92 ,282
27214906 ,361.36 ,2069.65 ,21.14 ,5.93 ,279
27225639 ,362.28 ,2069.63 ,21.12 ,5.92 ,279
27236730 ,361.36 ,2069.65 ,21.14 ,5.93 ,279
27258902 ,363.65 ,2069.60 ,21.09 ,5.92 ,280
27269886 ,369.20 ,2069.48 ,20.98 ,5.90 ,285
27281236 ,373.37 ,2069.39 ,20.89 ,5.89 ,288
27303920 ,376.61 ,2069.32 ,20.82 ,5.88 ,290
27326761 ,387.78 ,2069.08 ,20.59 ,5.85 ,299
27349952 ,391.99 ,2068.99 ,20.50 ,5.84 ,302
27373296 ,400.43 ,2068.81 ,20.32 ,5.81 ,309
27396990 ,406.08 ,2068.69 ,20.21 ,5.79 ,313
27420827 ,410.79 ,2068.59 ,20.11 ,5.78 ,317
27445003 ,426.44 ,2068.26 ,19.79 ,5.73 ,329
27456962 ,429.30 ,2068.20 ,19.73 ,5.72 ,331
27469303 ,436.46 ,2068.05 ,19.58 ,5.70 ,337
27493902 ,449.43 ,2067.78 ,19.32 ,5.66 ,347
27518563 ,449.43 ,2067.78 ,19.32 ,5.66 ,347
27543462 ,459.58 ,2067.57 ,19.11 ,5.63 ,355
27568370 ,464.92 ,2067.46 ,19.00 ,5.62 ,359
27593467 ,472.70 ,2067.30 ,18.85 ,5.60 ,365
27618514 ,490.85 ,2066.93 ,18.49 ,5.54 ,379
27643688 ,506.67 ,2066.61 ,18.17 ,5.49 ,391
27668711 ,520.63 ,2066.33 ,17.90 ,5.45 ,402
27693741 ,536.72 ,2066.01 ,17.59 ,5.41 ,414
27718514 ,551.94 ,2065.71 ,17.29 ,5.36 ,426
27743197 ,564.72 ,2065.46 ,17.05 ,5.32 ,436
27767537 ,577.59 ,2065.21 ,16.81 ,5.28 ,446
27791703 ,591.07 ,2064.95 ,16.55 ,5.24 ,456
27815468 ,600.46 ,2064.77 ,16.38 ,5.22 ,463
27839017 ,613.59 ,2064.52 ,16.13 ,5.18 ,474
27862144 ,626.30 ,2064.28 ,15.90 ,5.14 ,483
27885027 ,641.23 ,2064.00 ,15.63 ,5.09 ,495
27907464 ,647.68 ,2063.88 ,15.51 ,5.08 ,500
27929632 ,662.80 ,2063.60 ,15.23 ,5.03 ,512
27951352 ,680.80 ,2063.27 ,14.91 ,4.98 ,525
27972794 ,694.57 ,2063.02 ,14.67 ,4.94 ,536
27993774 ,707.89 ,2062.78 ,14.43 ,4.90 ,546
28014468 ,722.45 ,2062.52 ,14.18 ,4.85 ,558
28034703 ,738.28 ,2062.24 ,13.91 ,4.81 ,570
28054652 ,754.26 ,2061.96 ,13.63 ,4.76 ,582
28074150 ,769.25 ,2061.70 ,13.38 ,4.71 ,594
28093368 ,780.87 ,2061.50 ,13.18 ,4.68 ,603
28112148 ,790.22 ,2061.34 ,13.03 ,4.65 ,610
28130658 ,804.37 ,2061.10 ,12.79 ,4.61 ,621
28148765 ,817.46 ,2060.88 ,12.58 ,4.57 ,631
28157693 ,834.87 ,2060.59 ,12.30 ,4.52 ,644
28166625 ,847.62 ,2060.38 ,12.09 ,4.48 ,654
28184084 ,858.62 ,2060.20 ,11.91 ,4.45 ,663
28201286 ,873.42 ,2059.96 ,11.68 ,4.40 ,674
28218101 ,884.61 ,2059.78 ,11.50 ,4.37 ,683
28234680 ,900.94 ,2059.52 ,11.25 ,4.32 ,696
28250894 ,907.27 ,2059.42 ,11.15 ,4.30 ,700
28266890 ,916.81 ,2059.27 ,11.01 ,4.28 ,708
28282555 ,921.29 ,2059.20 ,10.94 ,4.26 ,711
28290288 ,931.57 ,2059.04 ,10.78 ,4.23 ,719
28298033 ,942.57 ,2058.87 ,10.62 ,4.20 ,728
28313202 ,947.78 ,2058.79 ,10.54 ,4.18 ,732
28328197 ,954.99 ,2058.68 ,10.43 ,4.16 ,737
28342904 ,958.91 ,2058.62 ,10.37 ,4.15 ,740
28357459 ,947.13 ,2058.80 ,10.55 ,4.19 ,731
28371759 ,952.36 ,2058.72 ,10.47 ,4.17 ,735
28378840 ,955.64 ,2058.67 ,10.42 ,4.16 ,738
28385948 ,966.17 ,2058.51 ,10.26 ,4.13 ,746
28399911 ,971.48 ,2058.43 ,10.19 ,4.11 ,750
28406829 ,972.81 ,2058.41 ,10.17 ,4.11 ,751
28413774 ,971.48 ,2058.43 ,10.19 ,4.11 ,750
28427426 ,964.85 ,2058.53 ,10.28 ,4.13 ,745
28440996 ,957.61 ,2058.64 ,10.39 ,4.15 ,739
28454381 ,940.63 ,2058.90 ,10.64 ,4.20 ,726
28467713 ,939.34 ,2058.92 ,10.66 ,4.21 ,725
28480894 ,938.69 ,2058.93 ,10.67 ,4.21 ,725
28494048 ,934.80 ,2058.99 ,10.73 ,4.22 ,722
28507070 ,927.05 ,2059.11 ,10.85 ,4.25 ,716
28520076 ,916.17 ,2059.28 ,11.02 ,4.28 ,707
28532968 ,892.13 ,2059.66 ,11.39 ,4.35 ,689
28545868 ,885.24 ,2059.77 ,11.49 ,4.37 ,683
28558681 ,877.14 ,2059.90 ,11.62 ,4.39 ,677
28571524 ,865.99 ,2060.08 ,11.80 ,4.43 ,669
28584297 ,858.62 ,2060.20 ,11.91 ,4.45 ,663
28597116 ,854.94 ,2060.26 ,11.97 ,4.46 ,660
28609877 ,847.62 ,2060.38 ,12.09 ,4.48 ,654
28622696 ,847.01 ,2060.39 ,12.10 ,4.48 ,654
28635465 ,821.04 ,2060.82 ,12.52 ,4.56 ,634
28641848 ,809.12 ,2061.02 ,12.71 ,4.60 ,625
28648297 ,796.70 ,2061.23 ,12.92 ,4.63 ,615
28661096 ,764.04 ,2061.79 ,13.47 ,4.73 ,590
28673989 ,754.84 ,2061.95 ,13.62 ,4.76 ,583
28686880 ,749.68 ,2062.04 ,13.71 ,4.77 ,579
28699888 ,743.98 ,2062.14 ,13.81 ,4.79 ,574
28712906 ,736.58 ,2062.27 ,13.94 ,4.81 ,569
28726048 ,718.52 ,2062.59 ,14.25 ,4.86 ,555
28732530 ,707.34 ,2062.79 ,14.44 ,4.90 ,546
28739207 ,697.89 ,2062.96 ,14.61 ,4.93 ,539
28752507 ,684.65 ,2063.20 ,14.84 ,4.97 ,528
28765840 ,671.51 ,2063.44 ,15.08 ,5.00 ,518
28779331 ,659.55 ,2063.66 ,15.29 ,5.04 ,509
28792870 ,640.70 ,2064.01 ,15.63 ,5.10 ,494
28806580 ,635.34 ,2064.11 ,15.73 ,5.11 ,490
28820347 ,620.47 ,2064.39 ,16.01 ,5.16 ,479
28834293 ,615.71 ,2064.48 ,16.09 ,5.17 ,475
28848302 ,616.24 ,2064.47 ,16.08 ,5.17 ,476
28862497 ,610.43 ,2064.58 ,16.19 ,5.19 ,471
28876755 ,616.76 ,2064.46 ,16.07 ,5.17 ,476
28891202 ,603.61 ,2064.71 ,16.32 ,5.21 ,466
28905714 ,596.28 ,2064.85 ,16.46 ,5.23 ,460
28920415 ,587.95 ,2065.01 ,16.61 ,5.25 ,454
28935184 ,582.75 ,2065.11 ,16.71 ,5.27 ,450
28950152 ,555.00 ,2065.65 ,17.24 ,5.35 ,428
28965193 ,547.87 ,2065.79 ,17.37 ,5.37 ,423
28972766 ,537.74 ,2065.99 ,17.57 ,5.40 ,415
28980445 ,530.68 ,2066.13 ,17.70 ,5.42 ,409
28995781 ,524.64 ,2066.25 ,17.82 ,5.44 ,405
29011340 ,509.65 ,2066.55 ,18.12 ,5.49 ,393
29026990 ,501.71 ,2066.71 ,18.27 ,5.51 ,387
29042871 ,497.75 ,2066.79 ,18.35 ,5.52 ,384
29058848 ,488.87 ,2066.97 ,18.53 ,5.55 ,377
29075064 ,490.85 ,2066.93 ,18.49 ,5.54 ,379
29091381 ,481.50 ,2067.12 ,18.67 ,5.57 ,371
29107942 ,477.59 ,2067.20 ,18.75 ,5.58 ,368
29124607 ,472.70 ,2067.30 ,18.85 ,5.60 ,365
29133003 ,460.06 ,2067.56 ,19.10 ,5.63 ,355
29141524 ,453.29 ,2067.70 ,19.24 ,5.65 ,350
29158550 ,447.50 ,2067.82 ,19.36 ,5.67 ,345
29175836 ,432.65 ,2068.13 ,19.66 ,5.71 ,334
29193238 ,426.92 ,2068.25 ,19.78 ,5.73 ,329
29210909 ,415.05 ,2068.50 ,20.02 ,5.77 ,320
29228704 ,410.79 ,2068.59 ,20.11 ,5.78 ,317
29246778 ,404.66 ,2068.72 ,20.23 ,5.80 ,312
29264979 ,403.25 ,2068.75 ,20.26 ,5.80 ,311
29283470 ,399.96 ,2068.82 ,20.33 ,5.81 ,308
29302095 ,396.21 ,2068.90 ,20.41 ,5.82 ,306
29321015 ,395.27 ,2068.92 ,20.43 ,5.83 ,305
29340075 ,391.52 ,2069.00 ,20.51 ,5.84 ,302
29359437 ,388.25 ,2069.07 ,20.58 ,5.85 ,299
29378942 ,381.73 ,2069.21 ,20.71 ,5.87 ,294
29398759 ,380.33 ,2069.24 ,20.74 ,5.87 ,293
29418723 ,372.44 ,2069.41 ,20.91 ,5.89 ,287
29439010 ,371.98 ,2069.42 ,20.92 ,5.89 ,287
29459449 ,371.98 ,2069.42 ,20.92 ,5.89 ,287
29480218 ,365.96 ,2069.55 ,21.04 ,5.91 ,282
29501141 ,363.65 ,2069.60 ,21.09 ,5.92 ,280
29522401 ,363.19 ,2069.61 ,21.10 ,5.92 ,280
29543816 ,363.19 ,2069.61 ,21.10 ,5.92 ,280
29565571 ,352.16 ,2069.85 ,21.34 ,5.95 ,272
29587486 ,350.34 ,2069.89 ,21.38 ,5.96 ,270
29609751 ,347.59 ,2069.95 ,21.44 ,5.97 ,268
29632181 ,350.34 ,2069.89 ,21.38 ,5.96 ,270
29654966 ,353.08 ,2069.83 ,21.32 ,5.95 ,272
29677918 ,367.35 ,2069.52 ,21.02 ,5.91 ,283
29701234 ,368.28 ,2069.50 ,21.00 ,5.91 ,284
29724713 ,371.98 ,2069.42 ,20.92 ,5.89 ,287
29748558 ,369.20 ,2069.48 ,20.98 ,5.90 ,285
29772561 ,374.75 ,2069.36 ,20.86 ,5.89 ,289
29796926 ,375.22 ,2069.35 ,20.85 ,5.89 ,289
29821444 ,379.40 ,2069.26 ,20.76 ,5.87 ,293
29846320 ,384.52 ,2069.15 ,20.65 ,5.86 ,297
29871344 ,385.46 ,2069.13 ,20.63 ,5.85 ,297
29896726 ,390.12 ,2069.03 ,20.54 ,5.84 ,301
29922244 ,396.68 ,2068.89 ,20.40 ,5.82 ,306
29948104 ,401.37 ,2068.79 ,20.30 ,5.81 ,310
29974072 ,409.84 ,2068.61 ,20.13 ,5.78 ,316
30000350 ,415.05 ,2068.50 ,20.02 ,5.77 ,320
30013321 ,421.20 ,2068.37 ,19.89 ,5.75 ,325
30026689 ,427.39 ,2068.24 ,19.77 ,5.73 ,330
30053278 ,437.90 ,2068.02 ,19.55 ,5.70 ,338
30079864 ,444.63 ,2067.88 ,19.41 ,5.68 ,343
30106633 ,452.33 ,2067.72 ,19.26 ,5.66 ,349
30133330 ,459.09 ,2067.58 ,19.12 ,5.64 ,354
30160150 ,470.75 ,2067.34 ,18.89 ,5.60 ,363
30186831 ,480.53 ,2067.14 ,18.69 ,5.57 ,371
30213554 ,488.38 ,2066.98 ,18.54 ,5.55 ,377
30240058 ,495.28 ,2066.84 ,18.40 ,5.53 ,382
30266542 ,507.66 ,2066.59 ,18.15 ,5.49 ,392
30292756 ,520.63 ,2066.33 ,17.90 ,5.45 ,402
30318878 ,535.21 ,2066.04 ,17.62 ,5.41 ,413
30344643 ,562.67 ,2065.50 ,17.09 ,5.33 ,434
30370217 ,573.45 ,2065.29 ,16.88 ,5.30 ,443
30395312 ,586.91 ,2065.03 ,16.63 ,5.26 ,453
30420118 ,602.03 ,2064.74 ,16.35 ,5.21 ,465
30444417 ,614.12 ,2064.51 ,16.12 ,5.18 ,474
30468399 ,622.58 ,2064.35 ,15.97 ,5.15 ,480
30491864 ,634.29 ,2064.13 ,15.75 ,5.12 ,490
30515010 ,640.16 ,2064.02 ,15.64 ,5.10 ,494
30537658 ,654.68 ,2063.75 ,15.38 ,5.05 ,505
30560013 ,668.78 ,2063.49 ,15.13 ,5.01 ,516
30581880 ,684.10 ,2063.21 ,14.85 ,4.97 ,528
30603443 ,718.52 ,2062.59 ,14.25 ,4.86 ,555
30624503 ,718.52 ,2062.59 ,14.25 ,4.86 ,555
30645217 ,732.04 ,2062.35 ,14.01 ,4.82 ,565
30665438 ,741.13 ,2062.19 ,13.86 ,4.80 ,572
30685356 ,746.82 ,2062.09 ,13.76 ,4.78 ,576
30704824 ,761.73 ,2061.83 ,13.51 ,4.74 ,588
30724026 ,782.62 ,2061.47 ,13.15 ,4.67 ,604
30742803 ,793.16 ,2061.29 ,12.98 ,4.64 ,612
30761313 ,804.37 ,2061.10 ,12.79 ,4.61 ,621
30779412 ,816.27 ,2060.90 ,12.60 ,4.57 ,630
30788336 ,831.86 ,2060.64 ,12.34 ,4.53 ,642
30797264 ,842.75 ,2060.46 ,12.17 ,4.50 ,651
30814719 ,854.33 ,2060.27 ,11.98 ,4.46 ,660
30831925 ,862.31 ,2060.14 ,11.86 ,4.44 ,666
30848754 ,876.52 ,2059.91 ,11.63 ,4.40 ,677
30857055 ,880.86 ,2059.84 ,11.56 ,4.38 ,680
30865361 ,882.74 ,2059.81 ,11.53 ,4.38 ,681
30881615 ,890.25 ,2059.69 ,11.42 ,4.35 ,687
30897667 ,884.61 ,2059.78 ,11.50 ,4.37 ,683
30913405 ,896.52 ,2059.59 ,11.32 ,4.34 ,692
30928982 ,899.67 ,2059.54 ,11.27 ,4.33 ,695
30944279 ,906.00 ,2059.44 ,11.17 ,4.31 ,699
30959439 ,906.64 ,2059.43 ,11.16 ,4.31 ,700
30974346 ,935.45 ,2058.98 ,10.72 ,4.22 ,722
30989136 ,937.39 ,2058.95 ,10.69 ,4.21 ,724
31003680 ,941.28 ,2058.89 ,10.63 ,4.20 ,727
31018105 ,946.48 ,2058.81 ,10.56 ,4.19 ,731
31032304 ,947.13 ,2058.80 ,10.55 ,4.19 ,731
31046404 ,947.78 ,2058.79 ,10.54 ,4.18 ,732
31060296 ,943.87 ,2058.85 ,10.60 ,4.20 ,729
31074111 ,943.87 ,2058.85 ,10.60 ,4.20 ,729
31087740 ,945.83 ,2058.82 ,10.57 ,4.19 ,730
31101312 ,936.09 ,2058.97 ,10.71 ,4.22 ,723
31114721 ,934.15 ,2059.00 ,10.74 ,4.22 ,721
31128089 ,911.07 ,2059.36 ,11.09 ,4.29 ,703
31141320 ,907.91 ,2059.41 ,11.14 ,4.30 ,701
31154538 ,903.47 ,2059.48 ,11.21 ,4.32 ,697
31167646 ,902.20 ,2059.50 ,11.23 ,4.32 ,697
31180759 ,897.15 ,2059.58 ,11.31 ,4.33 ,693
31193772 ,902.83 ,2059.49 ,11.22 ,4.32 ,697
31206800 ,895.26 ,2059.61 ,11.34 ,4.34 ,691
31219733 ,895.26 ,2059.61 ,11.34 ,4.34 ,691
31232686 ,883.99 ,2059.79 ,11.51 ,4.37 ,682
31245556 ,874.66 ,2059.94 ,11.66 ,4.40 ,675
31258456 ,864.14 ,2060.11 ,11.83 ,4.43 ,667
31271287 ,853.10 ,2060.29 ,12.00 ,4.47 ,659
31277694 ,840.32 ,2060.50 ,12.21 ,4.50 ,649
31284163 ,826.44 ,2060.73 ,12.43 ,4.54 ,638
31296989 ,819.84 ,2060.84 ,12.54 ,4.56 ,633
31309888 ,809.12 ,2061.02 ,12.71 ,4.60 ,625
31322753 ,798.47 ,2061.20 ,12.89 ,4.63 ,616
31335702 ,784.37 ,2061.44 ,13.12 ,4.67 ,605
31348630 ,779.70 ,2061.52 ,13.20 ,4.68 ,602
31361658 ,766.35 ,2061.75 ,13.43 ,4.72 ,592
31374678 ,750.25 ,2062.03 ,13.70 ,4.77 ,579
31387808 ,741.69 ,2062.18 ,13.85 ,4.80 ,573
31400943 ,739.42 ,2062.22 ,13.89 ,4.80 ,571
31407531 ,733.17 ,2062.33 ,13.99 ,4.82 ,566
31414197 ,732.61 ,2062.34 ,14.00 ,4.82 ,565
31427466 ,721.33 ,2062.54 ,14.20 ,4.86 ,557
31440861 ,712.36 ,2062.70 ,14.36 ,4.88 ,550
31454277 ,700.11 ,2062.92 ,14.57 ,4.92 ,540
31461010 ,685.75 ,2063.18 ,14.82 ,4.96 ,529
31467829 ,664.43 ,2063.57 ,15.21 ,5.03 ,513
31481415 ,651.44 ,2063.81 ,15.44 ,5.06 ,503
31495170 ,643.92 ,2063.95 ,15.58 ,5.09 ,497
31501968 ,632.69 ,2064.16 ,15.78 ,5.12 ,488
31508981 ,629.49 ,2064.22 ,15.84 ,5.13 ,486
31522970 ,626.83 ,2064.27 ,15.89 ,5.14 ,484
31537022 ,618.88 ,2064.42 ,16.04 ,5.16 ,478
31551261 ,606.23 ,2064.66 ,16.27 ,5.20 ,468
31565568 ,600.99 ,2064.76 ,16.37 ,5.21 ,464
31580069 ,591.59 ,2064.94 ,16.54 ,5.24 ,457
31594642 ,583.79 ,2065.09 ,16.69 ,5.27 ,451
31609413 ,576.55 ,2065.23 ,16.83 ,5.29 ,445
31624259 ,571.39 ,2065.33 ,16.92 ,5.30 ,441
31639312 ,562.67 ,2065.50 ,17.09 ,5.33 ,434