0, 2632539, 31837
0, 2664622, 32083
0, 2696608, 31986
0, 2728829, 32221
0, 2760943, 32114
0, 2793287, 32344
0, 2825512, 32225
0, 2857955, 32443
0, 2890269, 32314
0, 2922798, 32529
0, 2955198, 32400
0, 2987809, 32611
0, 3020277, 32468
0, 3052950, 32673
0, 3085478, 32528
0, 3118206, 32728
0, 3150785, 32579
0, 3183557, 32772
0, 3216172, 32615
0, 3248974, 32802
0, 3281614, 32640
0, 3314437, 32823
0, 3347094, 32657
0, 3379934, 32840
0, 3412608, 32674
0, 3445462, 32854
0, 3478148, 32686
0, 3511014, 32866
0, 3543712, 32698
0, 3576589, 32877
0, 3609298, 32709
0, 3642184, 32886
0, 3674900, 32716
0, 3707792, 32892
0, 3740514, 32722
0, 3773413, 32899
0, 3806140, 32727
0, 3839044, 32904
0, 3871781, 32737
0, 3904695, 32914
0, 3937439, 32744
0, 3970360, 32921
0, 4003108, 32748
0, 4036028, 32920
0, 4068779, 32751
0, 4101707, 32928
0, 4134469, 32762
0, 4167411, 32942
0, 4200183, 32772
0, 4233132, 32949
0, 4265914, 32782
0, 4298873, 32959
0, 4331664, 32791
0, 4364634, 32970
0, 4380813, 16179
0, 4397437, 16624
0, 4430416, 32979
0, 4463225, 32809
0, 4496210, 32985
0, 4529023, 32813
0, 4562009, 32986
0, 4594817, 32808
0, 4627797, 32980
0, 4660601, 32804
0, 4693578, 32977
0, 4726379, 32801
0, 4759353, 32974
0, 4792153, 32800
0, 4825130, 32977
0, 4857935, 32805
0, 4890914, 32979
0, 4923719, 32805
0, 4956701, 32982
0, 4989511, 32810
0, 5022499, 32988
0, 5055319, 32820
0, 5088315, 32996
0, 5121136, 32821
0, 5154129, 32993
0, 5186948, 32819
0, 5219938, 32990
0, 5252753, 32815
0, 5285744, 32991
0, 5318561, 32817
0, 5351552, 32991
0, 5384372, 32820
0, 5417364, 32992
0, 5450177, 32813
0, 5483163, 32986
1024, 5515741, 32578
1024, 5543963, 28222
1024, 5567594, 23631
1024, 5588601, 21007
1024, 5607625, 19024
1024, 5625354, 17729
1024, 5641921, 16567
1024, 5657705, 15784
1024, 5672698, 14993
1024, 5687171, 14473
1024, 5701063, 13892
1024, 5714583, 13520
1024, 5727655, 13072
1024, 5740451, 12796
1024, 5752881, 12430
1024, 5765105, 12224
1024, 5777021, 11916
1024, 5788779, 11758
1024, 5794474, 5695
1024, 5800277, 5803
1024, 5811649, 11372
1024, 5822796, 11147
1024, 5833845, 11049
1024, 5844694, 10849
1024, 5855467, 10773
1024, 5866062, 10595
1024, 5876595, 10533
1024, 5886968, 10373
1024, 5897294, 10326
1024, 5907475, 10181
1024, 5917621, 10146
1024, 5927635, 10014
1024, 5937620, 9985
1024, 5947484, 9864
1024, 5957331, 9847
1024, 5967061, 9730
1024, 5976781, 9720
1024, 5986392, 9611
1024, 5995999, 9607
0, 6005505, 9506
0, 6015125, 9620
0, 6024787, 9662
0, 6034597, 9810
0, 6044451, 9854
0, 6054453, 10002
0, 6064501, 10048
0, 6074705, 10204
0, 6084950, 10245
0, 6095354, 10404
0, 6105805, 10451
0, 6116415, 10610
0, 6127073, 10658
0, 6137893, 10820
0, 6148763, 10870
0, 6159800, 11037
0, 6170888, 11088
0, 6182147, 11259
0, 6193458, 11311
0, 6204949, 11491
0, 6216494, 11545
0, 6228220, 11726
0, 6240002, 11782
0, 6251970, 11968
0, 6263994, 12024
0, 6276206, 12212
0, 6288480, 12274
0, 6300948, 12468
0, 6313477, 12529
0, 6326209, 12732
0, 6339004, 12795
0, 6352003, 12999
0, 6365070, 13067
0, 6378345, 13275
0, 6391689, 13344
0, 6405249, 13560
0, 6418881, 13632
0, 6432733, 13852
0, 6446663, 13930
0, 6460818, 14155
0, 6475052, 14234
0, 6489521, 14469
1024, 6504067, 14546
1024, 6518755, 14688
1024, 6532987, 14232
1024, 6546826, 13839
1024, 6560174, 13348
1024, 6573221, 13047
1024, 6585874, 12653
1024, 6598299, 12425
1024, 6610397, 12098
1024, 6622323, 11926
1024, 6633973, 11650
1024, 6645487, 11514
1024, 6656762, 11275
1024, 6662332, 5570
1024, 6667933, 5601
1024, 6678894, 10961
1024, 6689771, 10877
1024, 6700462, 10691
1024, 6711086, 10624
1024, 6721543, 10457
1024, 6731948, 10405
1024, 6742201, 10253
1024, 6752414, 10213
1024, 6762487, 10073
1024, 6772533, 10046
1024, 6782449, 9916
1024, 6792346, 9897
1024, 6802123, 9777
1024, 6811888, 9765
1024, 6821540, 9652
1024, 6831186, 9646
1024, 6840729, 9543
1024, 6850268, 9539
1024, 6859708, 9440
1024, 6869149, 9441
1024, 6878498, 9349
1024, 6887852, 9354
1024, 6897117, 9265
1024, 6906391, 9274
1024, 6915577, 9186
1024, 6924776, 9199
1024, 6933894, 9118
1024, 6943028, 9134
1024, 6952083, 9055
1024, 6961155, 9072
1024, 6970151, 8996
1024, 6979167, 9016
1024, 6988109, 8942
1024, 6997074, 8965
0, 7005971, 8897
0, 7014982, 9011
0, 7024029, 9047
0, 7033211, 9182
0, 7042434, 9223
0, 7051796, 9362
0, 7061196, 9400
0, 7070739, 9543
0, 7080320, 9581
0, 7090047, 9727
0, 7099814, 9767
0, 7109730, 9916
0, 7119691, 9961
0, 7129801, 10110
0, 7139957, 10156
0, 7150266, 10309
0, 7160620, 10354
0, 7171133, 10513
0, 7181690, 10557
0, 7192410, 10720
0, 7203177, 10767
0, 7214110, 10933
0, 7225093, 10983
0, 7236248, 11155
0, 7247454, 11206
0, 7258832, 11378
0, 7270264, 11432
0, 7281876, 11612
0, 7293542, 11666
0, 7305392, 11850
0, 7317299, 11907
0, 7329397, 12098
0, 7341551, 12154
0, 7353901, 12350
0, 7366311, 12410
0, 7378919, 12608
0, 7391588, 12669
0, 7404460, 12872
0, 7417398, 12938
0, 7430542, 13144
0, 7443753, 13211
0, 7457176, 13423
0, 7470669, 13493
0, 7484379, 13710
0, 7498160, 13781
1024, 7512154, 13994
1024, 7525934, 13780
1024, 7539401, 13467
1024, 7552434, 13033
1024, 7565199, 12765
1024, 7577603, 12404
1024, 7589803, 12200
1024, 7601699, 11896
1024, 7613439, 11740
1024, 7624920, 11481
1024, 7636279, 11359
1024, 7647413, 11134
1024, 7658451, 11038
1024, 7669288, 10837
1024, 7680050, 10762
1024, 7685286, 5236
1024, 7690634, 5348
1024, 7701158, 10524
1024, 7711521, 10363
1024, 7721839, 10318
1024, 7732009, 10170
1024, 7742142, 10133
1024, 7752141, 9999
1024, 7762116, 9975
1024, 7771965, 9849
1024, 7781797, 9832
1024, 7791515, 9718
1024, 7801221, 9706
1024, 7810819, 9598
1024, 7820412, 9593
1024, 7829901, 9489
1024, 7839391, 9490
1024, 7848784, 9393
1024, 7858181, 9397
1024, 7867488, 9307
1024, 7876802, 9314
1024, 7886030, 9228
1024, 7895267, 9237
1024, 7904423, 9156
1024, 7913593, 9170
1024, 7922683, 9090
1024, 7931791, 9108
1024, 7940820, 9029
1024, 7949869, 9049
1024, 7958845, 8976
1024, 7967843, 8998
1024, 7976770, 8927
1024, 7985720, 8950
1024, 7994602, 8882
0, 8003503, 8901
0, 8012403, 8900
0, 8021434, 9031
0, 8030504, 9070
0, 8039709, 9205
0, 8048955, 9246
0, 8058339, 9384
0, 8067764, 9425
0, 8077330, 9566
0, 8086940, 9610
0, 8096693, 9753
0, 8106490, 9797
0, 8116433, 9943
0, 8126420, 9987
0, 8136560, 10140
0, 8146744, 10184
0, 8157083, 10339
0, 8167471, 10388
0, 8178016, 10545
0, 8188609, 10593
0, 8199365, 10756
0, 8210170, 10805
0, 8221143, 10973
0, 8232163, 11020
0, 8243355, 11192
0, 8254600, 11245
0, 8266019, 11419
0, 8277490, 11471
0, 8289141, 11651
0, 8300846, 11705
0, 8312734, 11888
0, 8324680, 11946
0, 8336809, 12129
0, 8348997, 12188
0, 8361376, 12379
0, 8373817, 12441
0, 8386457, 12640
0, 8399161, 12704
0, 8412069, 12908
0, 8425041, 12972
0, 8438220, 13179
0, 8451468, 13248
0, 8464929, 13461
0, 8478457, 13528
0, 8492203, 13746
1024, 8506021, 13818
1024, 8519946, 13925
1024, 8533474, 13528
1024, 8546693, 13219
1024, 8559500, 12807
1024, 8572062, 12562
1024, 8584284, 12222
1024, 8596321, 12037
1024, 8608071, 11750
1024, 8619674, 11603
1024, 8631031, 11357
1024, 8642272, 11241
1024, 8653297, 11025
1024, 8664233, 10936
1024, 8674977, 10744
1024, 8685648, 10671
1024, 8696151, 10503
1024, 8706594, 10443
1024, 8716885, 10291
1024, 8727135, 10250
1024, 8737241, 10106
1024, 8747318, 10077
1024, 8757264, 9946
1024, 8767187, 9923
1024, 8776989, 9802
1024, 8786775, 9786
1024, 8796448, 9673
1024, 8806111, 9663
1024, 8815670, 9559
1024, 8825226, 9556
1024, 8834682, 9456
1024, 8844138, 9456
1024, 8848763, 4625
1024, 8853500, 4737
1024, 8862869, 9369
1024, 8872148, 9279
1024, 8881437, 9289
1024, 8890641, 9204
1024, 8899857, 9216
1024, 8908992, 9135
1024, 8918142, 9150
1024, 8927213, 9071
1024, 8936302, 9089
1024, 8945312, 9010
1024, 8954341, 9029
1024, 8963297, 8956
1024, 8972273, 8976
1024, 8981177, 8904
1024, 8990106, 8929
1024, 8998965, 8859
0, 9007862, 8897
0, 9016790, 8928
0, 9025848, 9058
0, 9034942, 9094
0, 9044171, 9229
0, 9053438, 9267
0, 9062844, 9406
0, 9072289, 9445
0, 9081874, 9585
0, 9091502, 9628
0, 9101275, 9773
0, 9111091, 9816
0, 9121054, 9963
0, 9131061, 10007
0, 9141219, 10158
0, 9151422, 10203
0, 9161780, 10358
0, 9172182, 10402
0, 9182744, 10562
0, 9193350, 10606
0, 9204122, 10772
0, 9214941, 10819
0, 9225925, 10984
0, 9236959, 11034
0, 9248165, 11206
0, 9259421, 11256
0, 9270851, 11430
0, 9282333, 11482
0, 9293994, 11661
0, 9305709, 11715
0, 9317605, 11896
0, 9329556, 11951
0, 9341694, 12138
0, 9353891, 12197
0, 9366281, 12390
0, 9378729, 12448
0, 9391376, 12647
0, 9404084, 12708
0, 9416994, 12910
0, 9429969, 12975
0, 9443152, 13183
0, 9456403, 13251
0, 9469867, 13464
0, 9483400, 13533
0, 9497149, 13749
1024, 9510969, 13820
1024, 9524766, 13797
1024, 9538125, 13359
1024, 9551188, 13063
1024, 9563858, 12670
1024, 9576296, 12438
1024, 9588406, 12110
1024, 9600340, 11934
1024, 9611995, 11655
1024, 9623513, 11518
1024, 9634792, 11279
1024, 9645964, 11172
1024, 9656925, 10961
1024, 9667802, 10877
1024, 9678492, 10690
1024, 9689119, 10627
1024, 9699576, 10457
1024, 9709981, 10405
1024, 9720235, 10254
1024, 9730448, 10213
1024, 9740522, 10074
1024, 9750565, 10043
1024, 9760479, 9914
1024, 9770372, 9893
1024, 9780144, 9772
1024, 9789904, 9760
1024, 9799550, 9646
1024, 9809187, 9637
1024, 9818721, 9534
1024, 9828253, 9532
1024, 9837686, 9433
1024, 9847119, 9433
1024, 9856462, 9343
1024, 9865809, 9347
1024, 9875068, 9259
1024, 9884337, 9269
1024, 9893523, 9186
1024, 9902719, 9196
1024, 9911835, 9116
1024, 9920968, 9133
1024, 9930020, 9052
1024, 9939090, 9070
1024, 9948086, 8996
1024, 9957101, 9015
1024, 9966045, 8944
1024, 9975009, 8964
1024, 9983904, 8895
1024, 9992824, 8920
0, 10000045, 7221
0, 10001673, 1628
0, 10010586, 8913
0, 10019540, 8954
0, 10028624, 9084
0, 10037745, 9121
0, 10046999, 9254
0, 10056292, 9293
0, 10065723, 9431
0, 10075194, 9471
0, 10084807, 9613
0, 10094462, 9655
0, 10104259, 9797
0, 10114100, 9841
0, 10124092, 9992
0, 10134125, 10033
0, 10144310, 10185
0, 10154542, 10232
0, 10164931, 10389
0, 10175367, 10436
0, 10185960, 10593
0, 10196602, 10642
0, 10207405, 10803
0, 10218256, 10851
0, 10229274, 11018
0, 10240345, 11071
0, 10251588, 11243
